This file contains any messages produced by compilers while
running configure, to aid debugging if configure makes a mistake.

It was created by MPEG Audio Decoder configure 0.15.1b, which was
generated by GNU Autoconf 2.59.  Invocation command line was

  $ ./configure --disable-aso --host=arm --disable-fpm

## --------- ##
## Platform. ##
## --------- ##

hostname = aaron-zinmans-computer.local
uname -m = i386
uname -r = 8.10.1
uname -s = Darwin
uname -v = Darwin Kernel Version 8.10.1: Wed May 23 16:33:00 PDT 2007; root:xnu-792.22.5~1/RELEASE_I386

/usr/bin/uname -p = i386
/bin/uname -X     = unknown

/bin/arch              = unknown
/usr/bin/arch -k       = unknown
/usr/convex/getsysinfo = unknown
hostinfo               = Mach kernel version:
	 Darwin Kernel Version 8.10.1: Wed May 23 16:33:00 PDT 2007; root:xnu-792.22.5~1/RELEASE_I386
Kernel configured for up to 2 processors.
2 processors are physically available.
2 processors are logically available.
Processor type: i486 (Intel 80486)
Processors active: 0 1
Primary memory available: 2.00 gigabytes
Default processor set: 82 tasks, 245 threads, 2 processors
Load average: 1.34, Mach factor: 0.95
/bin/machine           = unknown
/usr/bin/oslevel       = unknown
/bin/universe          = unknown

PATH: /opt/local/bin
PATH: /opt/local/sbin
PATH: /usr/local/bin
PATH: /Library/Frameworks/Python.framework/Versions/Current/bin
PATH: /bin
PATH: /sbin
PATH: /usr/bin
PATH: /usr/sbin


## ----------- ##
## Core tests. ##
## ----------- ##

configure:1577: checking for a BSD-compatible install
configure:1632: result: /usr/bin/install -c
configure:1643: checking whether build environment is sane
configure:1686: result: yes
configure:1743: checking for gawk
configure:1772: result: no
configure:1743: checking for mawk
configure:1772: result: no
configure:1743: checking for nawk
configure:1772: result: no
configure:1743: checking for awk
configure:1759: found /usr/bin/awk
configure:1769: result: awk
configure:1779: checking whether make sets $(MAKE)
configure:1799: result: yes
configure:1878: checking for arm-strip
configure:1907: result: no
configure:1916: checking for strip
configure:1932: found /usr/bin/strip
configure:1943: result: strip
configure:1974: checking build system type
configure:1992: result: i686-apple-darwin8.10.1
configure:2000: checking host system type
configure:2014: result: arm-unknown-none
configure:2032: checking for arm-gcc
configure:2058: result: /usr/local/bin/arm-apple-darwin-gcc
configure:2340: checking for C compiler version
configure:2343: /usr/local/bin/arm-apple-darwin-gcc --version </dev/null >&5
arm-apple-darwin-gcc (GCC) 4.0.1 (Apple Computer, Inc. build 5449)(LLVM build 2.0-svn-iphone-dev-0.3-svn)
Copyright (C) 2005 Free Software Foundation, Inc.
This is free software; see the source for copying conditions.  There is NO
warranty; not even for MERCHANTABILITY or FITNESS FOR A PARTICULAR PURPOSE.

configure:2346: $? = 0
configure:2348: /usr/local/bin/arm-apple-darwin-gcc -v </dev/null >&5
Using built-in specs.
Target: arm-apple-darwin
Configured with: ../llvm-gcc-4.0-iphone/configure --enable-llvm=/Users/aaron/iphonedev/llvm-svn --enable-languages=c,c++,objc,obj-c++ --target=arm-apple-darwin --enable-sjlj-exceptions --with-heavenly=/Users/aaron/iphonedev/root --with-as=/usr/local/bin/arm-apple-darwin-as --with-ld=/usr/local/bin/arm-apple-darwin-ld : (reconfigured) ../llvm-gcc-4.0-iphone/configure --enable-llvm=/Users/aaron/iphonedev/llvm-svn --enable-languages=c,c++,objc,obj-c++ --target=arm-apple-darwin --enable-sjlj-exceptions --with-heavenly=/Users/aaron/iphonedev/root --with-as=/usr/local/bin/arm-apple-darwin-as --with-ld=/usr/local/bin/arm-apple-darwin-ld --with-ar=/usr/local/bin/arm-apple-darwin-ar : (reconfigured) ../llvm-gcc-4.0-iphone/configure --enable-llvm=/Users/aaron/iphonedev/llvm-svn --enable-languages=c,c++,objc,obj-c++ --target=arm-apple-darwin --enable-sjlj-exceptions --with-heavenly=/Users/aaron/iphonedev/root --with-as=/usr/local/bin/arm-apple-darwin-as --with-ld=/usr/local/bin/arm-apple-darwin-ld --with-ar=/usr/local/bin/arm-apple-darwin-ar
Thread model: posix
gcc version 4.0.1 (Apple Computer, Inc. build 5449)(LLVM build 2.0-svn-iphone-dev-0.3-svn)
configure:2351: $? = 0
configure:2353: /usr/local/bin/arm-apple-darwin-gcc -V </dev/null >&5
arm-apple-darwin-gcc: '-V' option must have argument
configure:2356: $? = 1
configure:2379: checking for C compiler default output file name
configure:2382: /usr/local/bin/arm-apple-darwin-gcc    conftest.c  >&5
configure:2385: $? = 0
configure:2431: result: a.out
configure:2436: checking whether the C compiler works
configure:2442: ./a.out
./configure: line 1: ./a.out: Bad CPU type in executable
configure:2445: $? = 126
configure:2462: result: yes
configure:2469: checking whether we are cross compiling
configure:2471: result: yes
configure:2474: checking for suffix of executables
configure:2476: /usr/local/bin/arm-apple-darwin-gcc -o conftest    conftest.c  >&5
configure:2479: $? = 0
configure:2504: result: 
configure:2510: checking for suffix of object files
configure:2531: /usr/local/bin/arm-apple-darwin-gcc -c   conftest.c >&5
configure:2534: $? = 0
configure:2556: result: o
configure:2560: checking whether we are using the GNU C compiler
configure:2584: /usr/local/bin/arm-apple-darwin-gcc -c   conftest.c >&5
configure:2590: $? = 0
configure:2593: test -z 			 || test ! -s conftest.err
configure:2596: $? = 0
configure:2599: test -s conftest.o
configure:2602: $? = 0
configure:2615: result: yes
configure:2621: checking whether /usr/local/bin/arm-apple-darwin-gcc accepts -g
configure:2642: /usr/local/bin/arm-apple-darwin-gcc -c -g  conftest.c >&5
configure:2648: $? = 0
configure:2651: test -z 			 || test ! -s conftest.err
configure:2654: $? = 0
configure:2657: test -s conftest.o
configure:2660: $? = 0
configure:2671: result: yes
configure:2688: checking for /usr/local/bin/arm-apple-darwin-gcc option to accept ANSI C
configure:2758: /usr/local/bin/arm-apple-darwin-gcc  -c -g -O2  conftest.c >&5
configure:2764: $? = 0
configure:2767: test -z 			 || test ! -s conftest.err
configure:2770: $? = 0
configure:2773: test -s conftest.o
configure:2776: $? = 0
configure:2794: result: none needed
configure:2812: /usr/local/bin/arm-apple-darwin-gcc -c -g -O2  conftest.c >&5
conftest.c:2: error: parse error before 'me'
configure:2818: $? = 1
configure: failed program was:
| #ifndef __cplusplus
|   choke me
| #endif
configure:2959: checking for style of include used by make
configure:2987: result: GNU
configure:3015: checking dependency style of /usr/local/bin/arm-apple-darwin-gcc
configure:3098: result: gcc3
configure:3210: checking for a sed that does not truncate output
configure:3264: result: /usr/bin/sed
configure:3267: checking for egrep
configure:3277: result: grep -E
configure:3293: checking for ld used by /usr/local/bin/arm-apple-darwin-gcc
configure:3360: result: /usr/local/bin/arm-apple-darwin-ld
configure:3369: checking if the linker (/usr/local/bin/arm-apple-darwin-ld) is GNU ld
configure:3384: result: no
configure:3389: checking for /usr/local/bin/arm-apple-darwin-ld option to reload object files
configure:3396: result: -r
configure:3405: checking for BSD-compatible nm
configure:3447: result: nm
configure:3451: checking whether ln -s works
configure:3455: result: yes
configure:3462: checking how to recognise dependent libraries
configure:3636: result: unknown
configure:3849: checking how to run the C preprocessor
configure:3884: /usr/local/bin/arm-apple-darwin-gcc -E  conftest.c
configure:3890: $? = 0
configure:3922: /usr/local/bin/arm-apple-darwin-gcc -E  conftest.c
conftest.c:11:28: error: ac_nonexistent.h: No such file or directory
configure:3928: $? = 1
configure: failed program was:
| /* confdefs.h.  */
| 
| #define PACKAGE_NAME "MPEG Audio Decoder"
| #define PACKAGE_TARNAME "libmad"
| #define PACKAGE_VERSION "0.15.1b"
| #define PACKAGE_STRING "MPEG Audio Decoder 0.15.1b"
| #define PACKAGE_BUGREPORT "support@underbit.com"
| #define PACKAGE "libmad"
| #define VERSION "0.15.1b"
| /* end confdefs.h.  */
| #include <ac_nonexistent.h>
configure:3967: result: /usr/local/bin/arm-apple-darwin-gcc -E
configure:3991: /usr/local/bin/arm-apple-darwin-gcc -E  conftest.c
configure:3997: $? = 0
configure:4029: /usr/local/bin/arm-apple-darwin-gcc -E  conftest.c
conftest.c:11:28: error: ac_nonexistent.h: No such file or directory
configure:4035: $? = 1
configure: failed program was:
| /* confdefs.h.  */
| 
| #define PACKAGE_NAME "MPEG Audio Decoder"
| #define PACKAGE_TARNAME "libmad"
| #define PACKAGE_VERSION "0.15.1b"
| #define PACKAGE_STRING "MPEG Audio Decoder 0.15.1b"
| #define PACKAGE_BUGREPORT "support@underbit.com"
| #define PACKAGE "libmad"
| #define VERSION "0.15.1b"
| /* end confdefs.h.  */
| #include <ac_nonexistent.h>
configure:4079: checking for ANSI C header files
configure:4104: /usr/local/bin/arm-apple-darwin-gcc -c -g -O2  conftest.c >&5
configure:4110: $? = 0
configure:4113: test -z 			 || test ! -s conftest.err
configure:4116: $? = 0
configure:4119: test -s conftest.o
configure:4122: $? = 0
configure:4231: result: yes
configure:4255: checking for sys/types.h
configure:4271: /usr/local/bin/arm-apple-darwin-gcc -c -g -O2  conftest.c >&5
configure:4277: $? = 0
configure:4280: test -z 			 || test ! -s conftest.err
configure:4283: $? = 0
configure:4286: test -s conftest.o
configure:4289: $? = 0
configure:4300: result: yes
configure:4255: checking for sys/stat.h
configure:4271: /usr/local/bin/arm-apple-darwin-gcc -c -g -O2  conftest.c >&5
configure:4277: $? = 0
configure:4280: test -z 			 || test ! -s conftest.err
configure:4283: $? = 0
configure:4286: test -s conftest.o
configure:4289: $? = 0
configure:4300: result: yes
configure:4255: checking for stdlib.h
configure:4271: /usr/local/bin/arm-apple-darwin-gcc -c -g -O2  conftest.c >&5
configure:4277: $? = 0
configure:4280: test -z 			 || test ! -s conftest.err
configure:4283: $? = 0
configure:4286: test -s conftest.o
configure:4289: $? = 0
configure:4300: result: yes
configure:4255: checking for string.h
configure:4271: /usr/local/bin/arm-apple-darwin-gcc -c -g -O2  conftest.c >&5
configure:4277: $? = 0
configure:4280: test -z 			 || test ! -s conftest.err
configure:4283: $? = 0
configure:4286: test -s conftest.o
configure:4289: $? = 0
configure:4300: result: yes
configure:4255: checking for memory.h
configure:4271: /usr/local/bin/arm-apple-darwin-gcc -c -g -O2  conftest.c >&5
configure:4277: $? = 0
configure:4280: test -z 			 || test ! -s conftest.err
configure:4283: $? = 0
configure:4286: test -s conftest.o
configure:4289: $? = 0
configure:4300: result: yes
configure:4255: checking for strings.h
configure:4271: /usr/local/bin/arm-apple-darwin-gcc -c -g -O2  conftest.c >&5
configure:4277: $? = 0
configure:4280: test -z 			 || test ! -s conftest.err
configure:4283: $? = 0
configure:4286: test -s conftest.o
configure:4289: $? = 0
configure:4300: result: yes
configure:4255: checking for inttypes.h
configure:4271: /usr/local/bin/arm-apple-darwin-gcc -c -g -O2  conftest.c >&5
configure:4277: $? = 0
configure:4280: test -z 			 || test ! -s conftest.err
configure:4283: $? = 0
configure:4286: test -s conftest.o
configure:4289: $? = 0
configure:4300: result: yes
configure:4255: checking for stdint.h
configure:4271: /usr/local/bin/arm-apple-darwin-gcc -c -g -O2  conftest.c >&5
configure:4277: $? = 0
configure:4280: test -z 			 || test ! -s conftest.err
configure:4283: $? = 0
configure:4286: test -s conftest.o
configure:4289: $? = 0
configure:4300: result: yes
configure:4255: checking for unistd.h
configure:4271: /usr/local/bin/arm-apple-darwin-gcc -c -g -O2  conftest.c >&5
configure:4277: $? = 0
configure:4280: test -z 			 || test ! -s conftest.err
configure:4283: $? = 0
configure:4286: test -s conftest.o
configure:4289: $? = 0
configure:4300: result: yes
configure:4326: checking dlfcn.h usability
configure:4338: /usr/local/bin/arm-apple-darwin-gcc -c -g -O2  conftest.c >&5
configure:4344: $? = 0
configure:4347: test -z 			 || test ! -s conftest.err
configure:4350: $? = 0
configure:4353: test -s conftest.o
configure:4356: $? = 0
configure:4366: result: yes
configure:4370: checking dlfcn.h presence
configure:4380: /usr/local/bin/arm-apple-darwin-gcc -E  conftest.c
configure:4386: $? = 0
configure:4406: result: yes
configure:4441: checking for dlfcn.h
configure:4448: result: yes
configure:4471: checking for arm-g++
configure:4500: result: no
configure:4471: checking for arm-c++
configure:4500: result: no
configure:4471: checking for arm-gpp
configure:4500: result: no
configure:4471: checking for arm-aCC
configure:4500: result: no
configure:4471: checking for arm-CC
configure:4500: result: no
configure:4471: checking for arm-cxx
configure:4500: result: no
configure:4471: checking for arm-cc++
configure:4500: result: no
configure:4471: checking for arm-cl
configure:4500: result: no
configure:4471: checking for arm-FCC
configure:4500: result: no
configure:4471: checking for arm-KCC
configure:4500: result: no
configure:4471: checking for arm-RCC
configure:4500: result: no
configure:4471: checking for arm-xlC_r
configure:4500: result: no
configure:4471: checking for arm-xlC
configure:4500: result: no
configure:4513: checking for g++
configure:4529: found /usr/bin/g++
configure:4539: result: g++
configure:4555: checking for C++ compiler version
configure:4558: g++ --version </dev/null >&5
i686-apple-darwin8-g++-4.0.1 (GCC) 4.0.1 (Apple Computer, Inc. build 5367)
Copyright (C) 2005 Free Software Foundation, Inc.
This is free software; see the source for copying conditions.  There is NO
warranty; not even for MERCHANTABILITY or FITNESS FOR A PARTICULAR PURPOSE.

configure:4561: $? = 0
configure:4563: g++ -v </dev/null >&5
Using built-in specs.
Target: i686-apple-darwin8
Configured with: /private/var/tmp/gcc/gcc-5367.obj~1/src/configure --disable-checking -enable-werror --prefix=/usr --mandir=/share/man --enable-languages=c,objc,c++,obj-c++ --program-transform-name=/^[cg][^.-]*$/s/$/-4.0/ --with-gxx-include-dir=/include/c++/4.0.0 --with-slibdir=/usr/lib --build=powerpc-apple-darwin8 --with-arch=nocona --with-tune=generic --program-prefix= --host=i686-apple-darwin8 --target=i686-apple-darwin8
Thread model: posix
gcc version 4.0.1 (Apple Computer, Inc. build 5367)
configure:4566: $? = 0
configure:4568: g++ -V </dev/null >&5
g++: argument to `-V' is missing
configure:4571: $? = 1
configure:4574: checking whether we are using the GNU C++ compiler
configure:4598: g++ -c   conftest.cc >&5
configure:4604: $? = 0
configure:4607: test -z 			 || test ! -s conftest.err
configure:4610: $? = 0
configure:4613: test -s conftest.o
configure:4616: $? = 0
configure:4629: result: yes
configure:4635: checking whether g++ accepts -g
configure:4656: g++ -c -g  conftest.cc >&5
configure:4662: $? = 0
configure:4665: test -z 			 || test ! -s conftest.err
configure:4668: $? = 0
configure:4671: test -s conftest.o
configure:4674: $? = 0
configure:4685: result: yes
configure:4727: g++ -c -g -O2  conftest.cc >&5
configure:4733: $? = 0
configure:4736: test -z 			 || test ! -s conftest.err
configure:4739: $? = 0
configure:4742: test -s conftest.o
configure:4745: $? = 0
configure:4771: g++ -c -g -O2  conftest.cc >&5
conftest.cc: In function 'int main()':
conftest.cc:26: error: 'exit' was not declared in this scope
configure:4777: $? = 1
configure: failed program was:
| /* confdefs.h.  */
| 
| #define PACKAGE_NAME "MPEG Audio Decoder"
| #define PACKAGE_TARNAME "libmad"
| #define PACKAGE_VERSION "0.15.1b"
| #define PACKAGE_STRING "MPEG Audio Decoder 0.15.1b"
| #define PACKAGE_BUGREPORT "support@underbit.com"
| #define PACKAGE "libmad"
| #define VERSION "0.15.1b"
| #define STDC_HEADERS 1
| #define HAVE_SYS_TYPES_H 1
| #define HAVE_SYS_STAT_H 1
| #define HAVE_STDLIB_H 1
| #define HAVE_STRING_H 1
| #define HAVE_MEMORY_H 1
| #define HAVE_STRINGS_H 1
| #define HAVE_INTTYPES_H 1
| #define HAVE_STDINT_H 1
| #define HAVE_UNISTD_H 1
| #define HAVE_DLFCN_H 1
| /* end confdefs.h.  */
| 
| int
| main ()
| {
| exit (42);
|   ;
|   return 0;
| }
configure:4727: g++ -c -g -O2  conftest.cc >&5
/usr/include/stdlib.h:158: error: declaration of 'void std::exit(int)' throws different exceptions
conftest.cc:22: error: than previous declaration 'void std::exit(int) throw ()'
configure:4733: $? = 1
configure: failed program was:
| /* confdefs.h.  */
| 
| #define PACKAGE_NAME "MPEG Audio Decoder"
| #define PACKAGE_TARNAME "libmad"
| #define PACKAGE_VERSION "0.15.1b"
| #define PACKAGE_STRING "MPEG Audio Decoder 0.15.1b"
| #define PACKAGE_BUGREPORT "support@underbit.com"
| #define PACKAGE "libmad"
| #define VERSION "0.15.1b"
| #define STDC_HEADERS 1
| #define HAVE_SYS_TYPES_H 1
| #define HAVE_SYS_STAT_H 1
| #define HAVE_STDLIB_H 1
| #define HAVE_STRING_H 1
| #define HAVE_MEMORY_H 1
| #define HAVE_STRINGS_H 1
| #define HAVE_INTTYPES_H 1
| #define HAVE_STDINT_H 1
| #define HAVE_UNISTD_H 1
| #define HAVE_DLFCN_H 1
| /* end confdefs.h.  */
| extern "C" void std::exit (int) throw (); using std::exit;
| #include <stdlib.h>
| int
| main ()
| {
| exit (42);
|   ;
|   return 0;
| }
configure:4727: g++ -c -g -O2  conftest.cc >&5
configure:4733: $? = 0
configure:4736: test -z 			 || test ! -s conftest.err
configure:4739: $? = 0
configure:4742: test -s conftest.o
configure:4745: $? = 0
configure:4771: g++ -c -g -O2  conftest.cc >&5
configure:4777: $? = 0
configure:4780: test -z 			 || test ! -s conftest.err
configure:4783: $? = 0
configure:4786: test -s conftest.o
configure:4789: $? = 0
configure:4814: checking dependency style of g++
configure:4897: result: gcc3
configure:4919: checking how to run the C++ preprocessor
configure:5033: result: /usr/local/bin/arm-apple-darwin-cpp
configure:5057: /usr/local/bin/arm-apple-darwin-cpp  conftest.cc
configure:5063: $? = 0
configure:5095: /usr/local/bin/arm-apple-darwin-cpp  conftest.cc
conftest.cc:25:28: error: ac_nonexistent.h: No such file or directory
configure:5101: $? = 1
configure: failed program was:
| /* confdefs.h.  */
| 
| #define PACKAGE_NAME "MPEG Audio Decoder"
| #define PACKAGE_TARNAME "libmad"
| #define PACKAGE_VERSION "0.15.1b"
| #define PACKAGE_STRING "MPEG Audio Decoder 0.15.1b"
| #define PACKAGE_BUGREPORT "support@underbit.com"
| #define PACKAGE "libmad"
| #define VERSION "0.15.1b"
| #define STDC_HEADERS 1
| #define HAVE_SYS_TYPES_H 1
| #define HAVE_SYS_STAT_H 1
| #define HAVE_STDLIB_H 1
| #define HAVE_STRING_H 1
| #define HAVE_MEMORY_H 1
| #define HAVE_STRINGS_H 1
| #define HAVE_INTTYPES_H 1
| #define HAVE_STDINT_H 1
| #define HAVE_UNISTD_H 1
| #define HAVE_DLFCN_H 1
| #ifdef __cplusplus
| extern "C" void std::exit (int); using std::exit;
| #endif
| /* end confdefs.h.  */
| #include <ac_nonexistent.h>
configure:5154: checking for arm-g77
configure:5183: result: no
configure:5154: checking for arm-f77
configure:5183: result: no
configure:5154: checking for arm-xlf
configure:5183: result: no
configure:5154: checking for arm-frt
configure:5183: result: no
configure:5154: checking for arm-pgf77
configure:5183: result: no
configure:5154: checking for arm-fort77
configure:5183: result: no
configure:5154: checking for arm-fl32
configure:5183: result: no
configure:5154: checking for arm-af77
configure:5183: result: no
configure:5154: checking for arm-f90
configure:5183: result: no
configure:5154: checking for arm-xlf90
configure:5183: result: no
configure:5154: checking for arm-pgf90
configure:5183: result: no
configure:5154: checking for arm-epcf90
configure:5183: result: no
configure:5154: checking for arm-f95
configure:5183: result: no
configure:5154: checking for arm-fort
configure:5183: result: no
configure:5154: checking for arm-xlf95
configure:5183: result: no
configure:5154: checking for arm-ifc
configure:5183: result: no
configure:5154: checking for arm-efc
configure:5183: result: no
configure:5154: checking for arm-pgf95
configure:5183: result: no
configure:5154: checking for arm-lf95
configure:5183: result: no
configure:5154: checking for arm-gfortran
configure:5183: result: no
configure:5196: checking for g77
configure:5225: result: no
configure:5196: checking for f77
configure:5225: result: no
configure:5196: checking for xlf
configure:5225: result: no
configure:5196: checking for frt
configure:5225: result: no
configure:5196: checking for pgf77
configure:5225: result: no
configure:5196: checking for fort77
configure:5225: result: no
configure:5196: checking for fl32
configure:5225: result: no
configure:5196: checking for af77
configure:5225: result: no
configure:5196: checking for f90
configure:5225: result: no
configure:5196: checking for xlf90
configure:5225: result: no
configure:5196: checking for pgf90
configure:5225: result: no
configure:5196: checking for epcf90
configure:5225: result: no
configure:5196: checking for f95
configure:5225: result: no
configure:5196: checking for fort
configure:5225: result: no
configure:5196: checking for xlf95
configure:5225: result: no
configure:5196: checking for ifc
configure:5225: result: no
configure:5196: checking for efc
configure:5225: result: no
configure:5196: checking for pgf95
configure:5225: result: no
configure:5196: checking for lf95
configure:5225: result: no
configure:5196: checking for gfortran
configure:5225: result: no
configure:5240: checking for Fortran 77 compiler version
configure:5240:  --version </dev/null >&5
./configure: line 1: --version: command not found
configure:5243: $? = 127
configure:5245:  -v </dev/null >&5
./configure: line 1: -v: command not found
configure:5248: $? = 127
configure:5250:  -V </dev/null >&5
./configure: line 1: -V: command not found
configure:5253: $? = 127
configure:5261: checking whether we are using the GNU Fortran 77 compiler
configure:5275:  -c  conftest.F >&5
./configure: line 1: -c: command not found
configure:5281: $? = 127
configure: failed program was:
|       program main
| #ifndef __GNUC__
|        choke me
| #endif
| 
|       end
configure:5306: result: no
configure:5312: checking whether  accepts -g
configure:5324:  -c -g conftest.f >&5
./configure: line 1: -c: command not found
configure:5330: $? = 127
configure: failed program was:
|       program main
| 
|       end
configure:5354: result: no
configure:5384: checking the maximum length of command line arguments
configure:5449: result: 65536
configure:5460: checking command to parse nm output from /usr/local/bin/arm-apple-darwin-gcc object
configure:5549: /usr/local/bin/arm-apple-darwin-gcc -c -g -O2  conftest.c >&5
configure:5552: $? = 0
configure:5556: nm conftest.o \| sed -n -e 's/^.*[ 	]\([BCDEGRST][BCDEGRST]*\)[ 	][ 	]*\(\)\([_A-Za-z][_A-Za-z0-9]*\)$/\1 \2\3 \3/p' \> conftest.nm
configure:5559: $? = 0
cannot find nm_test_var in conftest.nm
configure:5549: /usr/local/bin/arm-apple-darwin-gcc -c -g -O2  conftest.c >&5
configure:5552: $? = 0
configure:5556: nm conftest.o \| sed -n -e 's/^.*[ 	]\([BCDEGRST][BCDEGRST]*\)[ 	][ 	]*\(_\)\([_A-Za-z][_A-Za-z0-9]*\)$/\1 \2\3 \3/p' \> conftest.nm
configure:5559: $? = 0
configure:5611: /usr/local/bin/arm-apple-darwin-gcc -o conftest -g -O2   conftest.c conftstm.o >&5
configure:5614: $? = 0
configure:5652: result: ok
configure:5656: checking for objdir
configure:5671: result: .libs
configure:5723: checking for arm-ar
configure:5752: result: no
configure:5761: checking for ar
configure:5777: found /usr/bin/ar
configure:5788: result: ar
configure:5803: checking for arm-ranlib
configure:5829: result: /usr/local/bin/arm-apple-darwin-ranlib
configure:5883: checking for arm-strip
configure:5909: result: strip
configure:6210: checking if /usr/local/bin/arm-apple-darwin-gcc static flag  works
configure:6233: result: yes
configure:6251: checking if /usr/local/bin/arm-apple-darwin-gcc supports -fno-rtti -fno-exceptions
configure:6272: /usr/local/bin/arm-apple-darwin-gcc -c -g -O2  -fno-rtti -fno-exceptions conftest.c >&5
cc1: warning: command line option "-fno-rtti" is valid for C++/ObjC++ but not for C
configure:6276: $? = 0
configure:6284: result: no
configure:6299: checking for /usr/local/bin/arm-apple-darwin-gcc option to produce PIC
configure:6476: result: -fPIC
configure:6484: checking if /usr/local/bin/arm-apple-darwin-gcc PIC flag -fPIC works
configure:6505: /usr/local/bin/arm-apple-darwin-gcc -c -g -O2  -fPIC -DPIC conftest.c >&5
configure:6509: $? = 0
configure:6517: result: yes
configure:6541: checking if /usr/local/bin/arm-apple-darwin-gcc supports -c -o file.o
configure:6565: /usr/local/bin/arm-apple-darwin-gcc -c -g -O2  -o out/conftest2.o conftest.c >&5
configure:6569: $? = 0
configure:6586: result: yes
configure:6612: checking whether the /usr/local/bin/arm-apple-darwin-gcc linker (/usr/local/bin/arm-apple-darwin-ld) supports shared libraries
configure:7458: result: no
configure:7529: checking dynamic linker characteristics
configure:8069: result: no
configure:8073: checking how to hardcode library paths into programs
configure:8098: result: immediate
configure:8112: checking whether stripping libraries is possible
configure:8133: result: no
configure:8940: checking if libtool supports shared libraries
configure:8942: result: no
configure:8945: checking whether to build shared libraries
configure:9003: result: no
configure:9006: checking whether to build static libraries
configure:9010: result: yes
configure:9102: creating libtool
configure:9649: checking for ld used by g++
configure:9716: result: /usr/local/bin/arm-apple-darwin-ld
configure:9725: checking if the linker (/usr/local/bin/arm-apple-darwin-ld) is GNU ld
configure:9740: result: no
configure:9791: checking whether the g++ linker (/usr/local/bin/arm-apple-darwin-ld) supports shared libraries
configure:10617: result: no
configure:10635: g++ -c -g -O2  conftest.cc >&5
configure:10638: $? = 0
configure:10734: checking for g++ option to produce PIC
configure:10986: result: -fPIC
configure:10994: checking if g++ PIC flag -fPIC works
configure:11015: g++ -c -g -O2  -fPIC -DPIC conftest.cc >&5
configure:11019: $? = 0
configure:11027: result: yes
configure:11051: checking if g++ supports -c -o file.o
configure:11075: g++ -c -g -O2  -o out/conftest2.o conftest.cc >&5
configure:11079: $? = 0
configure:11096: result: yes
configure:11122: checking whether the g++ linker (/usr/local/bin/arm-apple-darwin-ld) supports shared libraries
configure:11147: result: no
configure:11218: checking dynamic linker characteristics
configure:11758: result: no
configure:11762: checking how to hardcode library paths into programs
configure:11787: result: immediate
configure:11801: checking whether stripping libraries is possible
configure:11822: result: no
configure:19168: checking for ANSI C header files
configure:19320: result: yes
configure:19330: checking for sys/wait.h that is POSIX.1 compatible
configure:19361: /usr/local/bin/arm-apple-darwin-gcc -c -Wall  conftest.c >&5
configure:19367: $? = 0
configure:19370: test -z 			 || test ! -s conftest.err
configure:19373: $? = 0
configure:19376: test -s conftest.o
configure:19379: $? = 0
configure:19390: result: yes
configure:19419: checking assert.h usability
configure:19431: /usr/local/bin/arm-apple-darwin-gcc -c -Wall  conftest.c >&5
configure:19437: $? = 0
configure:19440: test -z 			 || test ! -s conftest.err
configure:19443: $? = 0
configure:19446: test -s conftest.o
configure:19449: $? = 0
configure:19459: result: yes
configure:19463: checking assert.h presence
configure:19473: /usr/local/bin/arm-apple-darwin-gcc -E  conftest.c
configure:19479: $? = 0
configure:19499: result: yes
configure:19534: checking for assert.h
configure:19541: result: yes
configure:19419: checking limits.h usability
configure:19431: /usr/local/bin/arm-apple-darwin-gcc -c -Wall  conftest.c >&5
configure:19437: $? = 0
configure:19440: test -z 			 || test ! -s conftest.err
configure:19443: $? = 0
configure:19446: test -s conftest.o
configure:19449: $? = 0
configure:19459: result: yes
configure:19463: checking limits.h presence
configure:19473: /usr/local/bin/arm-apple-darwin-gcc -E  conftest.c
configure:19479: $? = 0
configure:19499: result: yes
configure:19534: checking for limits.h
configure:19541: result: yes
configure:19410: checking for unistd.h
configure:19415: result: yes
configure:19410: checking for sys/types.h
configure:19415: result: yes
configure:19419: checking fcntl.h usability
configure:19431: /usr/local/bin/arm-apple-darwin-gcc -c -Wall  conftest.c >&5
configure:19437: $? = 0
configure:19440: test -z 			 || test ! -s conftest.err
configure:19443: $? = 0
configure:19446: test -s conftest.o
configure:19449: $? = 0
configure:19459: result: yes
configure:19463: checking fcntl.h presence
configure:19473: /usr/local/bin/arm-apple-darwin-gcc -E  conftest.c
configure:19479: $? = 0
configure:19499: result: yes
configure:19534: checking for fcntl.h
configure:19541: result: yes
configure:19419: checking errno.h usability
configure:19431: /usr/local/bin/arm-apple-darwin-gcc -c -Wall  conftest.c >&5
configure:19437: $? = 0
configure:19440: test -z 			 || test ! -s conftest.err
configure:19443: $? = 0
configure:19446: test -s conftest.o
configure:19449: $? = 0
configure:19459: result: yes
configure:19463: checking errno.h presence
configure:19473: /usr/local/bin/arm-apple-darwin-gcc -E  conftest.c
configure:19479: $? = 0
configure:19499: result: yes
configure:19534: checking for errno.h
configure:19541: result: yes
configure:19556: checking for an ANSI C-conforming const
configure:19623: /usr/local/bin/arm-apple-darwin-gcc -c -Wall  conftest.c >&5
conftest.c: In function 'main':
conftest.c:60: warning: unused variable 's'
conftest.c:80: warning: unused variable 'foo'
conftest.c:47: warning: unused variable 'zero'
conftest.c:41: warning: unused variable 'x'
configure:19629: $? = 0
configure:19632: test -z 			 || test ! -s conftest.err
configure:19635: $? = 0
configure:19638: test -s conftest.o
configure:19641: $? = 0
configure:19652: result: yes
configure:19662: checking for inline
configure:19683: /usr/local/bin/arm-apple-darwin-gcc -c -Wall  conftest.c >&5
configure:19689: $? = 0
configure:19692: test -z 			 || test ! -s conftest.err
configure:19695: $? = 0
configure:19698: test -s conftest.o
configure:19701: $? = 0
configure:19713: result: inline
configure:19732: checking whether byte ordering is bigendian
configure:19759: /usr/local/bin/arm-apple-darwin-gcc -c -Wall  conftest.c >&5
configure:19765: $? = 0
configure:19768: test -z 			 || test ! -s conftest.err
configure:19771: $? = 0
configure:19774: test -s conftest.o
configure:19777: $? = 0
configure:19801: /usr/local/bin/arm-apple-darwin-gcc -c -Wall  conftest.c >&5
conftest.c: In function 'main':
conftest.c:40: error: 'not' undeclared (first use in this function)
conftest.c:40: error: (Each undeclared identifier is reported only once
conftest.c:40: error: for each function it appears in.)
conftest.c:40: error: parse error before 'big'
configure:19807: $? = 1
configure: failed program was:
| /* confdefs.h.  */
| 
| #define PACKAGE_NAME "MPEG Audio Decoder"
| #define PACKAGE_TARNAME "libmad"
| #define PACKAGE_VERSION "0.15.1b"
| #define PACKAGE_STRING "MPEG Audio Decoder 0.15.1b"
| #define PACKAGE_BUGREPORT "support@underbit.com"
| #define PACKAGE "libmad"
| #define VERSION "0.15.1b"
| #define STDC_HEADERS 1
| #define HAVE_SYS_TYPES_H 1
| #define HAVE_SYS_STAT_H 1
| #define HAVE_STDLIB_H 1
| #define HAVE_STRING_H 1
| #define HAVE_MEMORY_H 1
| #define HAVE_STRINGS_H 1
| #define HAVE_INTTYPES_H 1
| #define HAVE_STDINT_H 1
| #define HAVE_UNISTD_H 1
| #define HAVE_DLFCN_H 1
| #ifdef __cplusplus
| extern "C" void std::exit (int); using std::exit;
| #endif
| #define STDC_HEADERS 1
| #define HAVE_SYS_WAIT_H 1
| #define HAVE_ASSERT_H 1
| #define HAVE_LIMITS_H 1
| #define HAVE_UNISTD_H 1
| #define HAVE_SYS_TYPES_H 1
| #define HAVE_FCNTL_H 1
| #define HAVE_ERRNO_H 1
| /* end confdefs.h.  */
| #include <sys/types.h>
| #include <sys/param.h>
| 
| int
| main ()
| {
| #if BYTE_ORDER != BIG_ENDIAN
|  not big endian
| #endif
| 
|   ;
|   return 0;
| }
configure:19940: result: no
configure:19959: checking for pid_t
configure:19983: /usr/local/bin/arm-apple-darwin-gcc -c -Wall  conftest.c >&5
configure:19989: $? = 0
configure:19992: test -z 			 || test ! -s conftest.err
configure:19995: $? = 0
configure:19998: test -s conftest.o
configure:20001: $? = 0
configure:20012: result: yes
configure:20025: checking for int
configure:20049: /usr/local/bin/arm-apple-darwin-gcc -c -Wall  conftest.c >&5
configure:20055: $? = 0
configure:20058: test -z 			 || test ! -s conftest.err
configure:20061: $? = 0
configure:20064: test -s conftest.o
configure:20067: $? = 0
configure:20078: result: yes
configure:20081: checking size of int
configure:20111: /usr/local/bin/arm-apple-darwin-gcc -c -Wall  conftest.c >&5
configure:20117: $? = 0
configure:20120: test -z 			 || test ! -s conftest.err
configure:20123: $? = 0
configure:20126: test -s conftest.o
configure:20129: $? = 0
configure:20151: /usr/local/bin/arm-apple-darwin-gcc -c -Wall  conftest.c >&5
conftest.c: In function 'main':
conftest.c:70: error: size of array 'test_array' is negative
configure:20157: $? = 1
configure: failed program was:
| /* confdefs.h.  */
| 
| #define PACKAGE_NAME "MPEG Audio Decoder"
| #define PACKAGE_TARNAME "libmad"
| #define PACKAGE_VERSION "0.15.1b"
| #define PACKAGE_STRING "MPEG Audio Decoder 0.15.1b"
| #define PACKAGE_BUGREPORT "support@underbit.com"
| #define PACKAGE "libmad"
| #define VERSION "0.15.1b"
| #define STDC_HEADERS 1
| #define HAVE_SYS_TYPES_H 1
| #define HAVE_SYS_STAT_H 1
| #define HAVE_STDLIB_H 1
| #define HAVE_STRING_H 1
| #define HAVE_MEMORY_H 1
| #define HAVE_STRINGS_H 1
| #define HAVE_INTTYPES_H 1
| #define HAVE_STDINT_H 1
| #define HAVE_UNISTD_H 1
| #define HAVE_DLFCN_H 1
| #ifdef __cplusplus
| extern "C" void std::exit (int); using std::exit;
| #endif
| #define STDC_HEADERS 1
| #define HAVE_SYS_WAIT_H 1
| #define HAVE_ASSERT_H 1
| #define HAVE_LIMITS_H 1
| #define HAVE_UNISTD_H 1
| #define HAVE_SYS_TYPES_H 1
| #define HAVE_FCNTL_H 1
| #define HAVE_ERRNO_H 1
| /* end confdefs.h.  */
| #include <stdio.h>
| #if HAVE_SYS_TYPES_H
| # include <sys/types.h>
| #endif
| #if HAVE_SYS_STAT_H
| # include <sys/stat.h>
| #endif
| #if STDC_HEADERS
| # include <stdlib.h>
| # include <stddef.h>
| #else
| # if HAVE_STDLIB_H
| #  include <stdlib.h>
| # endif
| #endif
| #if HAVE_STRING_H
| # if !STDC_HEADERS && HAVE_MEMORY_H
| #  include <memory.h>
| # endif
| # include <string.h>
| #endif
| #if HAVE_STRINGS_H
| # include <strings.h>
| #endif
| #if HAVE_INTTYPES_H
| # include <inttypes.h>
| #else
| # if HAVE_STDINT_H
| #  include <stdint.h>
| # endif
| #endif
| #if HAVE_UNISTD_H
| # include <unistd.h>
| #endif
| int
| main ()
| {
| static int test_array [1 - 2 * !(((long) (sizeof (int))) <= 0)];
| test_array [0] = 0
| 
|   ;
|   return 0;
| }
configure:20151: /usr/local/bin/arm-apple-darwin-gcc -c -Wall  conftest.c >&5
conftest.c: In function 'main':
conftest.c:70: error: size of array 'test_array' is negative
configure:20157: $? = 1
configure: failed program was:
| /* confdefs.h.  */
| 
| #define PACKAGE_NAME "MPEG Audio Decoder"
| #define PACKAGE_TARNAME "libmad"
| #define PACKAGE_VERSION "0.15.1b"
| #define PACKAGE_STRING "MPEG Audio Decoder 0.15.1b"
| #define PACKAGE_BUGREPORT "support@underbit.com"
| #define PACKAGE "libmad"
| #define VERSION "0.15.1b"
| #define STDC_HEADERS 1
| #define HAVE_SYS_TYPES_H 1
| #define HAVE_SYS_STAT_H 1
| #define HAVE_STDLIB_H 1
| #define HAVE_STRING_H 1
| #define HAVE_MEMORY_H 1
| #define HAVE_STRINGS_H 1
| #define HAVE_INTTYPES_H 1
| #define HAVE_STDINT_H 1
| #define HAVE_UNISTD_H 1
| #define HAVE_DLFCN_H 1
| #ifdef __cplusplus
| extern "C" void std::exit (int); using std::exit;
| #endif
| #define STDC_HEADERS 1
| #define HAVE_SYS_WAIT_H 1
| #define HAVE_ASSERT_H 1
| #define HAVE_LIMITS_H 1
| #define HAVE_UNISTD_H 1
| #define HAVE_SYS_TYPES_H 1
| #define HAVE_FCNTL_H 1
| #define HAVE_ERRNO_H 1
| /* end confdefs.h.  */
| #include <stdio.h>
| #if HAVE_SYS_TYPES_H
| # include <sys/types.h>
| #endif
| #if HAVE_SYS_STAT_H
| # include <sys/stat.h>
| #endif
| #if STDC_HEADERS
| # include <stdlib.h>
| # include <stddef.h>
| #else
| # if HAVE_STDLIB_H
| #  include <stdlib.h>
| # endif
| #endif
| #if HAVE_STRING_H
| # if !STDC_HEADERS && HAVE_MEMORY_H
| #  include <memory.h>
| # endif
| # include <string.h>
| #endif
| #if HAVE_STRINGS_H
| # include <strings.h>
| #endif
| #if HAVE_INTTYPES_H
| # include <inttypes.h>
| #else
| # if HAVE_STDINT_H
| #  include <stdint.h>
| # endif
| #endif
| #if HAVE_UNISTD_H
| # include <unistd.h>
| #endif
| int
| main ()
| {
| static int test_array [1 - 2 * !(((long) (sizeof (int))) <= 1)];
| test_array [0] = 0
| 
|   ;
|   return 0;
| }
configure:20151: /usr/local/bin/arm-apple-darwin-gcc -c -Wall  conftest.c >&5
conftest.c: In function 'main':
conftest.c:70: error: size of array 'test_array' is negative
configure:20157: $? = 1
configure: failed program was:
| /* confdefs.h.  */
| 
| #define PACKAGE_NAME "MPEG Audio Decoder"
| #define PACKAGE_TARNAME "libmad"
| #define PACKAGE_VERSION "0.15.1b"
| #define PACKAGE_STRING "MPEG Audio Decoder 0.15.1b"
| #define PACKAGE_BUGREPORT "support@underbit.com"
| #define PACKAGE "libmad"
| #define VERSION "0.15.1b"
| #define STDC_HEADERS 1
| #define HAVE_SYS_TYPES_H 1
| #define HAVE_SYS_STAT_H 1
| #define HAVE_STDLIB_H 1
| #define HAVE_STRING_H 1
| #define HAVE_MEMORY_H 1
| #define HAVE_STRINGS_H 1
| #define HAVE_INTTYPES_H 1
| #define HAVE_STDINT_H 1
| #define HAVE_UNISTD_H 1
| #define HAVE_DLFCN_H 1
| #ifdef __cplusplus
| extern "C" void std::exit (int); using std::exit;
| #endif
| #define STDC_HEADERS 1
| #define HAVE_SYS_WAIT_H 1
| #define HAVE_ASSERT_H 1
| #define HAVE_LIMITS_H 1
| #define HAVE_UNISTD_H 1
| #define HAVE_SYS_TYPES_H 1
| #define HAVE_FCNTL_H 1
| #define HAVE_ERRNO_H 1
| /* end confdefs.h.  */
| #include <stdio.h>
| #if HAVE_SYS_TYPES_H
| # include <sys/types.h>
| #endif
| #if HAVE_SYS_STAT_H
| # include <sys/stat.h>
| #endif
| #if STDC_HEADERS
| # include <stdlib.h>
| # include <stddef.h>
| #else
| # if HAVE_STDLIB_H
| #  include <stdlib.h>
| # endif
| #endif
| #if HAVE_STRING_H
| # if !STDC_HEADERS && HAVE_MEMORY_H
| #  include <memory.h>
| # endif
| # include <string.h>
| #endif
| #if HAVE_STRINGS_H
| # include <strings.h>
| #endif
| #if HAVE_INTTYPES_H
| # include <inttypes.h>
| #else
| # if HAVE_STDINT_H
| #  include <stdint.h>
| # endif
| #endif
| #if HAVE_UNISTD_H
| # include <unistd.h>
| #endif
| int
| main ()
| {
| static int test_array [1 - 2 * !(((long) (sizeof (int))) <= 3)];
| test_array [0] = 0
| 
|   ;
|   return 0;
| }
configure:20151: /usr/local/bin/arm-apple-darwin-gcc -c -Wall  conftest.c >&5
configure:20157: $? = 0
configure:20160: test -z 			 || test ! -s conftest.err
configure:20163: $? = 0
configure:20166: test -s conftest.o
configure:20169: $? = 0
configure:20311: /usr/local/bin/arm-apple-darwin-gcc -c -Wall  conftest.c >&5
configure:20317: $? = 0
configure:20320: test -z 			 || test ! -s conftest.err
configure:20323: $? = 0
configure:20326: test -s conftest.o
configure:20329: $? = 0
configure:20311: /usr/local/bin/arm-apple-darwin-gcc -c -Wall  conftest.c >&5
configure:20317: $? = 0
configure:20320: test -z 			 || test ! -s conftest.err
configure:20323: $? = 0
configure:20326: test -s conftest.o
configure:20329: $? = 0
configure:20424: result: 4
configure:20431: checking for long
configure:20455: /usr/local/bin/arm-apple-darwin-gcc -c -Wall  conftest.c >&5
configure:20461: $? = 0
configure:20464: test -z 			 || test ! -s conftest.err
configure:20467: $? = 0
configure:20470: test -s conftest.o
configure:20473: $? = 0
configure:20484: result: yes
configure:20487: checking size of long
configure:20517: /usr/local/bin/arm-apple-darwin-gcc -c -Wall  conftest.c >&5
configure:20523: $? = 0
configure:20526: test -z 			 || test ! -s conftest.err
configure:20529: $? = 0
configure:20532: test -s conftest.o
configure:20535: $? = 0
configure:20557: /usr/local/bin/arm-apple-darwin-gcc -c -Wall  conftest.c >&5
conftest.c: In function 'main':
conftest.c:71: error: size of array 'test_array' is negative
configure:20563: $? = 1
configure: failed program was:
| /* confdefs.h.  */
| 
| #define PACKAGE_NAME "MPEG Audio Decoder"
| #define PACKAGE_TARNAME "libmad"
| #define PACKAGE_VERSION "0.15.1b"
| #define PACKAGE_STRING "MPEG Audio Decoder 0.15.1b"
| #define PACKAGE_BUGREPORT "support@underbit.com"
| #define PACKAGE "libmad"
| #define VERSION "0.15.1b"
| #define STDC_HEADERS 1
| #define HAVE_SYS_TYPES_H 1
| #define HAVE_SYS_STAT_H 1
| #define HAVE_STDLIB_H 1
| #define HAVE_STRING_H 1
| #define HAVE_MEMORY_H 1
| #define HAVE_STRINGS_H 1
| #define HAVE_INTTYPES_H 1
| #define HAVE_STDINT_H 1
| #define HAVE_UNISTD_H 1
| #define HAVE_DLFCN_H 1
| #ifdef __cplusplus
| extern "C" void std::exit (int); using std::exit;
| #endif
| #define STDC_HEADERS 1
| #define HAVE_SYS_WAIT_H 1
| #define HAVE_ASSERT_H 1
| #define HAVE_LIMITS_H 1
| #define HAVE_UNISTD_H 1
| #define HAVE_SYS_TYPES_H 1
| #define HAVE_FCNTL_H 1
| #define HAVE_ERRNO_H 1
| #define SIZEOF_INT 4
| /* end confdefs.h.  */
| #include <stdio.h>
| #if HAVE_SYS_TYPES_H
| # include <sys/types.h>
| #endif
| #if HAVE_SYS_STAT_H
| # include <sys/stat.h>
| #endif
| #if STDC_HEADERS
| # include <stdlib.h>
| # include <stddef.h>
| #else
| # if HAVE_STDLIB_H
| #  include <stdlib.h>
| # endif
| #endif
| #if HAVE_STRING_H
| # if !STDC_HEADERS && HAVE_MEMORY_H
| #  include <memory.h>
| # endif
| # include <string.h>
| #endif
| #if HAVE_STRINGS_H
| # include <strings.h>
| #endif
| #if HAVE_INTTYPES_H
| # include <inttypes.h>
| #else
| # if HAVE_STDINT_H
| #  include <stdint.h>
| # endif
| #endif
| #if HAVE_UNISTD_H
| # include <unistd.h>
| #endif
| int
| main ()
| {
| static int test_array [1 - 2 * !(((long) (sizeof (long))) <= 0)];
| test_array [0] = 0
| 
|   ;
|   return 0;
| }
configure:20557: /usr/local/bin/arm-apple-darwin-gcc -c -Wall  conftest.c >&5
conftest.c: In function 'main':
conftest.c:71: error: size of array 'test_array' is negative
configure:20563: $? = 1
configure: failed program was:
| /* confdefs.h.  */
| 
| #define PACKAGE_NAME "MPEG Audio Decoder"
| #define PACKAGE_TARNAME "libmad"
| #define PACKAGE_VERSION "0.15.1b"
| #define PACKAGE_STRING "MPEG Audio Decoder 0.15.1b"
| #define PACKAGE_BUGREPORT "support@underbit.com"
| #define PACKAGE "libmad"
| #define VERSION "0.15.1b"
| #define STDC_HEADERS 1
| #define HAVE_SYS_TYPES_H 1
| #define HAVE_SYS_STAT_H 1
| #define HAVE_STDLIB_H 1
| #define HAVE_STRING_H 1
| #define HAVE_MEMORY_H 1
| #define HAVE_STRINGS_H 1
| #define HAVE_INTTYPES_H 1
| #define HAVE_STDINT_H 1
| #define HAVE_UNISTD_H 1
| #define HAVE_DLFCN_H 1
| #ifdef __cplusplus
| extern "C" void std::exit (int); using std::exit;
| #endif
| #define STDC_HEADERS 1
| #define HAVE_SYS_WAIT_H 1
| #define HAVE_ASSERT_H 1
| #define HAVE_LIMITS_H 1
| #define HAVE_UNISTD_H 1
| #define HAVE_SYS_TYPES_H 1
| #define HAVE_FCNTL_H 1
| #define HAVE_ERRNO_H 1
| #define SIZEOF_INT 4
| /* end confdefs.h.  */
| #include <stdio.h>
| #if HAVE_SYS_TYPES_H
| # include <sys/types.h>
| #endif
| #if HAVE_SYS_STAT_H
| # include <sys/stat.h>
| #endif
| #if STDC_HEADERS
| # include <stdlib.h>
| # include <stddef.h>
| #else
| # if HAVE_STDLIB_H
| #  include <stdlib.h>
| # endif
| #endif
| #if HAVE_STRING_H
| # if !STDC_HEADERS && HAVE_MEMORY_H
| #  include <memory.h>
| # endif
| # include <string.h>
| #endif
| #if HAVE_STRINGS_H
| # include <strings.h>
| #endif
| #if HAVE_INTTYPES_H
| # include <inttypes.h>
| #else
| # if HAVE_STDINT_H
| #  include <stdint.h>
| # endif
| #endif
| #if HAVE_UNISTD_H
| # include <unistd.h>
| #endif
| int
| main ()
| {
| static int test_array [1 - 2 * !(((long) (sizeof (long))) <= 1)];
| test_array [0] = 0
| 
|   ;
|   return 0;
| }
configure:20557: /usr/local/bin/arm-apple-darwin-gcc -c -Wall  conftest.c >&5
conftest.c: In function 'main':
conftest.c:71: error: size of array 'test_array' is negative
configure:20563: $? = 1
configure: failed program was:
| /* confdefs.h.  */
| 
| #define PACKAGE_NAME "MPEG Audio Decoder"
| #define PACKAGE_TARNAME "libmad"
| #define PACKAGE_VERSION "0.15.1b"
| #define PACKAGE_STRING "MPEG Audio Decoder 0.15.1b"
| #define PACKAGE_BUGREPORT "support@underbit.com"
| #define PACKAGE "libmad"
| #define VERSION "0.15.1b"
| #define STDC_HEADERS 1
| #define HAVE_SYS_TYPES_H 1
| #define HAVE_SYS_STAT_H 1
| #define HAVE_STDLIB_H 1
| #define HAVE_STRING_H 1
| #define HAVE_MEMORY_H 1
| #define HAVE_STRINGS_H 1
| #define HAVE_INTTYPES_H 1
| #define HAVE_STDINT_H 1
| #define HAVE_UNISTD_H 1
| #define HAVE_DLFCN_H 1
| #ifdef __cplusplus
| extern "C" void std::exit (int); using std::exit;
| #endif
| #define STDC_HEADERS 1
| #define HAVE_SYS_WAIT_H 1
| #define HAVE_ASSERT_H 1
| #define HAVE_LIMITS_H 1
| #define HAVE_UNISTD_H 1
| #define HAVE_SYS_TYPES_H 1
| #define HAVE_FCNTL_H 1
| #define HAVE_ERRNO_H 1
| #define SIZEOF_INT 4
| /* end confdefs.h.  */
| #include <stdio.h>
| #if HAVE_SYS_TYPES_H
| # include <sys/types.h>
| #endif
| #if HAVE_SYS_STAT_H
| # include <sys/stat.h>
| #endif
| #if STDC_HEADERS
| # include <stdlib.h>
| # include <stddef.h>
| #else
| # if HAVE_STDLIB_H
| #  include <stdlib.h>
| # endif
| #endif
| #if HAVE_STRING_H
| # if !STDC_HEADERS && HAVE_MEMORY_H
| #  include <memory.h>
| # endif
| # include <string.h>
| #endif
| #if HAVE_STRINGS_H
| # include <strings.h>
| #endif
| #if HAVE_INTTYPES_H
| # include <inttypes.h>
| #else
| # if HAVE_STDINT_H
| #  include <stdint.h>
| # endif
| #endif
| #if HAVE_UNISTD_H
| # include <unistd.h>
| #endif
| int
| main ()
| {
| static int test_array [1 - 2 * !(((long) (sizeof (long))) <= 3)];
| test_array [0] = 0
| 
|   ;
|   return 0;
| }
configure:20557: /usr/local/bin/arm-apple-darwin-gcc -c -Wall  conftest.c >&5
configure:20563: $? = 0
configure:20566: test -z 			 || test ! -s conftest.err
configure:20569: $? = 0
configure:20572: test -s conftest.o
configure:20575: $? = 0
configure:20717: /usr/local/bin/arm-apple-darwin-gcc -c -Wall  conftest.c >&5
configure:20723: $? = 0
configure:20726: test -z 			 || test ! -s conftest.err
configure:20729: $? = 0
configure:20732: test -s conftest.o
configure:20735: $? = 0
configure:20717: /usr/local/bin/arm-apple-darwin-gcc -c -Wall  conftest.c >&5
configure:20723: $? = 0
configure:20726: test -z 			 || test ! -s conftest.err
configure:20729: $? = 0
configure:20732: test -s conftest.o
configure:20735: $? = 0
configure:20830: result: 4
configure:20837: checking for long long
configure:20861: /usr/local/bin/arm-apple-darwin-gcc -c -Wall  conftest.c >&5
configure:20867: $? = 0
configure:20870: test -z 			 || test ! -s conftest.err
configure:20873: $? = 0
configure:20876: test -s conftest.o
configure:20879: $? = 0
configure:20890: result: yes
configure:20893: checking size of long long
configure:20923: /usr/local/bin/arm-apple-darwin-gcc -c -Wall  conftest.c >&5
configure:20929: $? = 0
configure:20932: test -z 			 || test ! -s conftest.err
configure:20935: $? = 0
configure:20938: test -s conftest.o
configure:20941: $? = 0
configure:20963: /usr/local/bin/arm-apple-darwin-gcc -c -Wall  conftest.c >&5
conftest.c: In function 'main':
conftest.c:72: error: size of array 'test_array' is negative
configure:20969: $? = 1
configure: failed program was:
| /* confdefs.h.  */
| 
| #define PACKAGE_NAME "MPEG Audio Decoder"
| #define PACKAGE_TARNAME "libmad"
| #define PACKAGE_VERSION "0.15.1b"
| #define PACKAGE_STRING "MPEG Audio Decoder 0.15.1b"
| #define PACKAGE_BUGREPORT "support@underbit.com"
| #define PACKAGE "libmad"
| #define VERSION "0.15.1b"
| #define STDC_HEADERS 1
| #define HAVE_SYS_TYPES_H 1
| #define HAVE_SYS_STAT_H 1
| #define HAVE_STDLIB_H 1
| #define HAVE_STRING_H 1
| #define HAVE_MEMORY_H 1
| #define HAVE_STRINGS_H 1
| #define HAVE_INTTYPES_H 1
| #define HAVE_STDINT_H 1
| #define HAVE_UNISTD_H 1
| #define HAVE_DLFCN_H 1
| #ifdef __cplusplus
| extern "C" void std::exit (int); using std::exit;
| #endif
| #define STDC_HEADERS 1
| #define HAVE_SYS_WAIT_H 1
| #define HAVE_ASSERT_H 1
| #define HAVE_LIMITS_H 1
| #define HAVE_UNISTD_H 1
| #define HAVE_SYS_TYPES_H 1
| #define HAVE_FCNTL_H 1
| #define HAVE_ERRNO_H 1
| #define SIZEOF_INT 4
| #define SIZEOF_LONG 4
| /* end confdefs.h.  */
| #include <stdio.h>
| #if HAVE_SYS_TYPES_H
| # include <sys/types.h>
| #endif
| #if HAVE_SYS_STAT_H
| # include <sys/stat.h>
| #endif
| #if STDC_HEADERS
| # include <stdlib.h>
| # include <stddef.h>
| #else
| # if HAVE_STDLIB_H
| #  include <stdlib.h>
| # endif
| #endif
| #if HAVE_STRING_H
| # if !STDC_HEADERS && HAVE_MEMORY_H
| #  include <memory.h>
| # endif
| # include <string.h>
| #endif
| #if HAVE_STRINGS_H
| # include <strings.h>
| #endif
| #if HAVE_INTTYPES_H
| # include <inttypes.h>
| #else
| # if HAVE_STDINT_H
| #  include <stdint.h>
| # endif
| #endif
| #if HAVE_UNISTD_H
| # include <unistd.h>
| #endif
| int
| main ()
| {
| static int test_array [1 - 2 * !(((long) (sizeof (long long))) <= 0)];
| test_array [0] = 0
| 
|   ;
|   return 0;
| }
configure:20963: /usr/local/bin/arm-apple-darwin-gcc -c -Wall  conftest.c >&5
conftest.c: In function 'main':
conftest.c:72: error: size of array 'test_array' is negative
configure:20969: $? = 1
configure: failed program was:
| /* confdefs.h.  */
| 
| #define PACKAGE_NAME "MPEG Audio Decoder"
| #define PACKAGE_TARNAME "libmad"
| #define PACKAGE_VERSION "0.15.1b"
| #define PACKAGE_STRING "MPEG Audio Decoder 0.15.1b"
| #define PACKAGE_BUGREPORT "support@underbit.com"
| #define PACKAGE "libmad"
| #define VERSION "0.15.1b"
| #define STDC_HEADERS 1
| #define HAVE_SYS_TYPES_H 1
| #define HAVE_SYS_STAT_H 1
| #define HAVE_STDLIB_H 1
| #define HAVE_STRING_H 1
| #define HAVE_MEMORY_H 1
| #define HAVE_STRINGS_H 1
| #define HAVE_INTTYPES_H 1
| #define HAVE_STDINT_H 1
| #define HAVE_UNISTD_H 1
| #define HAVE_DLFCN_H 1
| #ifdef __cplusplus
| extern "C" void std::exit (int); using std::exit;
| #endif
| #define STDC_HEADERS 1
| #define HAVE_SYS_WAIT_H 1
| #define HAVE_ASSERT_H 1
| #define HAVE_LIMITS_H 1
| #define HAVE_UNISTD_H 1
| #define HAVE_SYS_TYPES_H 1
| #define HAVE_FCNTL_H 1
| #define HAVE_ERRNO_H 1
| #define SIZEOF_INT 4
| #define SIZEOF_LONG 4
| /* end confdefs.h.  */
| #include <stdio.h>
| #if HAVE_SYS_TYPES_H
| # include <sys/types.h>
| #endif
| #if HAVE_SYS_STAT_H
| # include <sys/stat.h>
| #endif
| #if STDC_HEADERS
| # include <stdlib.h>
| # include <stddef.h>
| #else
| # if HAVE_STDLIB_H
| #  include <stdlib.h>
| # endif
| #endif
| #if HAVE_STRING_H
| # if !STDC_HEADERS && HAVE_MEMORY_H
| #  include <memory.h>
| # endif
| # include <string.h>
| #endif
| #if HAVE_STRINGS_H
| # include <strings.h>
| #endif
| #if HAVE_INTTYPES_H
| # include <inttypes.h>
| #else
| # if HAVE_STDINT_H
| #  include <stdint.h>
| # endif
| #endif
| #if HAVE_UNISTD_H
| # include <unistd.h>
| #endif
| int
| main ()
| {
| static int test_array [1 - 2 * !(((long) (sizeof (long long))) <= 1)];
| test_array [0] = 0
| 
|   ;
|   return 0;
| }
configure:20963: /usr/local/bin/arm-apple-darwin-gcc -c -Wall  conftest.c >&5
conftest.c: In function 'main':
conftest.c:72: error: size of array 'test_array' is negative
configure:20969: $? = 1
configure: failed program was:
| /* confdefs.h.  */
| 
| #define PACKAGE_NAME "MPEG Audio Decoder"
| #define PACKAGE_TARNAME "libmad"
| #define PACKAGE_VERSION "0.15.1b"
| #define PACKAGE_STRING "MPEG Audio Decoder 0.15.1b"
| #define PACKAGE_BUGREPORT "support@underbit.com"
| #define PACKAGE "libmad"
| #define VERSION "0.15.1b"
| #define STDC_HEADERS 1
| #define HAVE_SYS_TYPES_H 1
| #define HAVE_SYS_STAT_H 1
| #define HAVE_STDLIB_H 1
| #define HAVE_STRING_H 1
| #define HAVE_MEMORY_H 1
| #define HAVE_STRINGS_H 1
| #define HAVE_INTTYPES_H 1
| #define HAVE_STDINT_H 1
| #define HAVE_UNISTD_H 1
| #define HAVE_DLFCN_H 1
| #ifdef __cplusplus
| extern "C" void std::exit (int); using std::exit;
| #endif
| #define STDC_HEADERS 1
| #define HAVE_SYS_WAIT_H 1
| #define HAVE_ASSERT_H 1
| #define HAVE_LIMITS_H 1
| #define HAVE_UNISTD_H 1
| #define HAVE_SYS_TYPES_H 1
| #define HAVE_FCNTL_H 1
| #define HAVE_ERRNO_H 1
| #define SIZEOF_INT 4
| #define SIZEOF_LONG 4
| /* end confdefs.h.  */
| #include <stdio.h>
| #if HAVE_SYS_TYPES_H
| # include <sys/types.h>
| #endif
| #if HAVE_SYS_STAT_H
| # include <sys/stat.h>
| #endif
| #if STDC_HEADERS
| # include <stdlib.h>
| # include <stddef.h>
| #else
| # if HAVE_STDLIB_H
| #  include <stdlib.h>
| # endif
| #endif
| #if HAVE_STRING_H
| # if !STDC_HEADERS && HAVE_MEMORY_H
| #  include <memory.h>
| # endif
| # include <string.h>
| #endif
| #if HAVE_STRINGS_H
| # include <strings.h>
| #endif
| #if HAVE_INTTYPES_H
| # include <inttypes.h>
| #else
| # if HAVE_STDINT_H
| #  include <stdint.h>
| # endif
| #endif
| #if HAVE_UNISTD_H
| # include <unistd.h>
| #endif
| int
| main ()
| {
| static int test_array [1 - 2 * !(((long) (sizeof (long long))) <= 3)];
| test_array [0] = 0
| 
|   ;
|   return 0;
| }
configure:20963: /usr/local/bin/arm-apple-darwin-gcc -c -Wall  conftest.c >&5
conftest.c: In function 'main':
conftest.c:72: error: size of array 'test_array' is negative
configure:20969: $? = 1
configure: failed program was:
| /* confdefs.h.  */
| 
| #define PACKAGE_NAME "MPEG Audio Decoder"
| #define PACKAGE_TARNAME "libmad"
| #define PACKAGE_VERSION "0.15.1b"
| #define PACKAGE_STRING "MPEG Audio Decoder 0.15.1b"
| #define PACKAGE_BUGREPORT "support@underbit.com"
| #define PACKAGE "libmad"
| #define VERSION "0.15.1b"
| #define STDC_HEADERS 1
| #define HAVE_SYS_TYPES_H 1
| #define HAVE_SYS_STAT_H 1
| #define HAVE_STDLIB_H 1
| #define HAVE_STRING_H 1
| #define HAVE_MEMORY_H 1
| #define HAVE_STRINGS_H 1
| #define HAVE_INTTYPES_H 1
| #define HAVE_STDINT_H 1
| #define HAVE_UNISTD_H 1
| #define HAVE_DLFCN_H 1
| #ifdef __cplusplus
| extern "C" void std::exit (int); using std::exit;
| #endif
| #define STDC_HEADERS 1
| #define HAVE_SYS_WAIT_H 1
| #define HAVE_ASSERT_H 1
| #define HAVE_LIMITS_H 1
| #define HAVE_UNISTD_H 1
| #define HAVE_SYS_TYPES_H 1
| #define HAVE_FCNTL_H 1
| #define HAVE_ERRNO_H 1
| #define SIZEOF_INT 4
| #define SIZEOF_LONG 4
| /* end confdefs.h.  */
| #include <stdio.h>
| #if HAVE_SYS_TYPES_H
| # include <sys/types.h>
| #endif
| #if HAVE_SYS_STAT_H
| # include <sys/stat.h>
| #endif
| #if STDC_HEADERS
| # include <stdlib.h>
| # include <stddef.h>
| #else
| # if HAVE_STDLIB_H
| #  include <stdlib.h>
| # endif
| #endif
| #if HAVE_STRING_H
| # if !STDC_HEADERS && HAVE_MEMORY_H
| #  include <memory.h>
| # endif
| # include <string.h>
| #endif
| #if HAVE_STRINGS_H
| # include <strings.h>
| #endif
| #if HAVE_INTTYPES_H
| # include <inttypes.h>
| #else
| # if HAVE_STDINT_H
| #  include <stdint.h>
| # endif
| #endif
| #if HAVE_UNISTD_H
| # include <unistd.h>
| #endif
| int
| main ()
| {
| static int test_array [1 - 2 * !(((long) (sizeof (long long))) <= 7)];
| test_array [0] = 0
| 
|   ;
|   return 0;
| }
configure:20963: /usr/local/bin/arm-apple-darwin-gcc -c -Wall  conftest.c >&5
configure:20969: $? = 0
configure:20972: test -z 			 || test ! -s conftest.err
configure:20975: $? = 0
configure:20978: test -s conftest.o
configure:20981: $? = 0
configure:21123: /usr/local/bin/arm-apple-darwin-gcc -c -Wall  conftest.c >&5
configure:21129: $? = 0
configure:21132: test -z 			 || test ! -s conftest.err
configure:21135: $? = 0
configure:21138: test -s conftest.o
configure:21141: $? = 0
configure:21123: /usr/local/bin/arm-apple-darwin-gcc -c -Wall  conftest.c >&5
configure:21129: $? = 0
configure:21132: test -z 			 || test ! -s conftest.err
configure:21135: $? = 0
configure:21138: test -s conftest.o
configure:21141: $? = 0
configure:21123: /usr/local/bin/arm-apple-darwin-gcc -c -Wall  conftest.c >&5
configure:21129: $? = 0
configure:21132: test -z 			 || test ! -s conftest.err
configure:21135: $? = 0
configure:21138: test -s conftest.o
configure:21141: $? = 0
configure:21236: result: 8
configure:21252: checking for waitpid
configure:21309: /usr/local/bin/arm-apple-darwin-gcc -o conftest -Wall   conftest.c  >&5
configure:21315: $? = 0
configure:21318: test -z 			 || test ! -s conftest.err
configure:21321: $? = 0
configure:21324: test -s conftest
configure:21327: $? = 0
configure:21339: result: yes
configure:21252: checking for fcntl
configure:21309: /usr/local/bin/arm-apple-darwin-gcc -o conftest -Wall   conftest.c  >&5
configure:21315: $? = 0
configure:21318: test -z 			 || test ! -s conftest.err
configure:21321: $? = 0
configure:21324: test -s conftest
configure:21327: $? = 0
configure:21339: result: yes
configure:21252: checking for pipe
configure:21309: /usr/local/bin/arm-apple-darwin-gcc -o conftest -Wall   conftest.c  >&5
configure:21315: $? = 0
configure:21318: test -z 			 || test ! -s conftest.err
configure:21321: $? = 0
configure:21324: test -s conftest
configure:21327: $? = 0
configure:21339: result: yes
configure:21252: checking for fork
configure:21309: /usr/local/bin/arm-apple-darwin-gcc -o conftest -Wall   conftest.c  >&5
conftest.c:63: warning: conflicting types for built-in function 'fork'
configure:21315: $? = 0
configure:21318: test -z 			 || test ! -s conftest.err
configure:21321: $? = 0
configure:21324: test -s conftest
configure:21327: $? = 0
configure:21339: result: yes
configure:21411: checking whether to optimize for speed or for accuracy
configure:21453: result: default
configure:21463: checking for architecture-specific fixed-point math routines
configure:21502: result: DEFAULT
configure:21507: WARNING: default fixed-point math will yield limited accuracy
configure:21558: checking for ISO/IEC interpretation
configure:21576: result: best accepted practices
configure:21579: checking whether to enable profiling
configure:21590: result: no
configure:21593: checking whether to enable debugging
configure:21630: result: default
configure:21633: checking whether to enable experimental code
configure:21650: result: no
configure:21778: creating ./config.status

## ---------------------- ##
## Running config.status. ##
## ---------------------- ##

This file was extended by MPEG Audio Decoder config.status 0.15.1b, which was
generated by GNU Autoconf 2.59.  Invocation command line was

  CONFIG_FILES    = 
  CONFIG_HEADERS  = 
  CONFIG_LINKS    = 
  CONFIG_COMMANDS = 
  $ ./config.status 

on aaron-zinmans-computer.local

config.status:759: creating Makefile
config.status:759: creating msvc++/Makefile
config.status:759: creating libmad.list
config.status:825: creating config.h
config.status:963: config.h is unchanged
config.status:1143: executing depfiles commands

## ---------------- ##
## Cache variables. ##
## ---------------- ##

ac_cv_build=i686-apple-darwin8.10.1
ac_cv_build_alias=i686-apple-darwin8.10.1
ac_cv_c_bigendian=no
ac_cv_c_compiler_gnu=yes
ac_cv_c_const=yes
ac_cv_c_inline=inline
ac_cv_cxx_compiler_gnu=yes
ac_cv_env_CCASFLAGS_set=
ac_cv_env_CCASFLAGS_value=
ac_cv_env_CCAS_set=
ac_cv_env_CCAS_value=
ac_cv_env_CC_set=set
ac_cv_env_CC_value=/usr/local/bin/arm-apple-darwin-gcc
ac_cv_env_CFLAGS_set=
ac_cv_env_CFLAGS_value=
ac_cv_env_CPPFLAGS_set=
ac_cv_env_CPPFLAGS_value=
ac_cv_env_CPP_set=
ac_cv_env_CPP_value=
ac_cv_env_CXXCPP_set=set
ac_cv_env_CXXCPP_value=/usr/local/bin/arm-apple-darwin-cpp
ac_cv_env_CXXFLAGS_set=
ac_cv_env_CXXFLAGS_value=
ac_cv_env_CXX_set=
ac_cv_env_CXX_value=
ac_cv_env_F77_set=
ac_cv_env_F77_value=
ac_cv_env_FFLAGS_set=
ac_cv_env_FFLAGS_value=
ac_cv_env_LDFLAGS_set=
ac_cv_env_LDFLAGS_value=
ac_cv_env_build_alias_set=
ac_cv_env_build_alias_value=
ac_cv_env_host_alias_set=set
ac_cv_env_host_alias_value=arm
ac_cv_env_target_alias_set=
ac_cv_env_target_alias_value=
ac_cv_exeext=
ac_cv_f77_compiler_gnu=no
ac_cv_func_fcntl=yes
ac_cv_func_fork=yes
ac_cv_func_pipe=yes
ac_cv_func_waitpid=yes
ac_cv_header_assert_h=yes
ac_cv_header_dlfcn_h=yes
ac_cv_header_errno_h=yes
ac_cv_header_fcntl_h=yes
ac_cv_header_inttypes_h=yes
ac_cv_header_limits_h=yes
ac_cv_header_memory_h=yes
ac_cv_header_stdc=yes
ac_cv_header_stdint_h=yes
ac_cv_header_stdlib_h=yes
ac_cv_header_string_h=yes
ac_cv_header_strings_h=yes
ac_cv_header_sys_stat_h=yes
ac_cv_header_sys_types_h=yes
ac_cv_header_sys_wait_h=yes
ac_cv_header_unistd_h=yes
ac_cv_host=arm-unknown-none
ac_cv_host_alias=arm
ac_cv_objext=o
ac_cv_path_install='/usr/bin/install -c'
ac_cv_prog_AWK=awk
ac_cv_prog_CC=/usr/local/bin/arm-apple-darwin-gcc
ac_cv_prog_CPP='/usr/local/bin/arm-apple-darwin-gcc -E'
ac_cv_prog_CXXCPP=/usr/local/bin/arm-apple-darwin-cpp
ac_cv_prog_RANLIB=/usr/local/bin/arm-apple-darwin-ranlib
ac_cv_prog_STRIP=strip
ac_cv_prog_ac_ct_AR=ar
ac_cv_prog_ac_ct_CXX=g++
ac_cv_prog_ac_ct_STRIP=strip
ac_cv_prog_cc_g=yes
ac_cv_prog_cc_stdc=
ac_cv_prog_cxx_g=yes
ac_cv_prog_egrep='grep -E'
ac_cv_prog_f77_g=no
ac_cv_prog_make_make_set=yes
ac_cv_sizeof_int=4
ac_cv_sizeof_long=4
ac_cv_sizeof_long_long=8
ac_cv_type_int=yes
ac_cv_type_long=yes
ac_cv_type_long_long=yes
ac_cv_type_pid_t=yes
am_cv_CC_dependencies_compiler_type=gcc3
am_cv_CXX_dependencies_compiler_type=gcc3
lt_cv_deplibs_check_method=unknown
lt_cv_file_magic_cmd='$MAGIC_CMD'
lt_cv_file_magic_test_file=
lt_cv_ld_reload_flag=-r
lt_cv_objdir=.libs
lt_cv_path_LD=/usr/local/bin/arm-apple-darwin-ld
lt_cv_path_LDCXX=/usr/local/bin/arm-apple-darwin-ld
lt_cv_path_NM=nm
lt_cv_path_SED=/usr/bin/sed
lt_cv_prog_compiler_c_o=yes
lt_cv_prog_compiler_c_o_CXX=yes
lt_cv_prog_compiler_rtti_exceptions=no
lt_cv_prog_gnu_ld=no
lt_cv_prog_gnu_ldcxx=no
lt_cv_sys_global_symbol_pipe='sed -n -e '\''s/^.*[ 	]\([BCDEGRST][BCDEGRST]*\)[ 	][ 	]*\(_\)\([_A-Za-z][_A-Za-z0-9]*\)$/\1 \2\3 \3/p'\'''
lt_cv_sys_global_symbol_to_c_name_address='sed -n -e '\''s/^: \([^ ]*\) $/  {\"\1\", (lt_ptr) 0},/p'\'' -e '\''s/^[BCDEGRST] \([^ ]*\) \([^ ]*\)$/  {"\2", (lt_ptr) \&\2},/p'\'''
lt_cv_sys_global_symbol_to_cdecl='sed -n -e '\''s/^. .* \(.*\)$/extern int \1;/p'\'''
lt_cv_sys_max_cmd_len=65536
lt_lt_cv_prog_compiler_c_o='"yes"'
lt_lt_cv_prog_compiler_c_o_CXX='"yes"'
lt_lt_cv_sys_global_symbol_pipe='"sed -n -e '\''s/^.*[ 	]\\([BCDEGRST][BCDEGRST]*\\)[ 	][ 	]*\\(_\\)\\([_A-Za-z][_A-Za-z0-9]*\\)\$/\\1 \\2\\3 \\3/p'\''"'
lt_lt_cv_sys_global_symbol_to_c_name_address='"sed -n -e '\''s/^: \\([^ ]*\\) \$/  {\\\"\\1\\\", (lt_ptr) 0},/p'\'' -e '\''s/^[BCDEGRST] \\([^ ]*\\) \\([^ ]*\\)\$/  {\"\\2\", (lt_ptr) \\&\\2},/p'\''"'
lt_lt_cv_sys_global_symbol_to_cdecl='"sed -n -e '\''s/^. .* \\(.*\\)\$/extern int \\1;/p'\''"'

## ----------------- ##
## Output variables. ##
## ----------------- ##

ACLOCAL='${SHELL} /Users/aaron/iphonedev/libmad/libmad-0.15.1b/missing --run aclocal-1.8'
AMDEPBACKSLASH='\'
AMDEP_FALSE='#'
AMDEP_TRUE=''
AMTAR='${SHELL} /Users/aaron/iphonedev/libmad/libmad-0.15.1b/missing --run tar'
AR='ar'
ASO=''
ASO_OBJS=''
AUTOCONF='${SHELL} /Users/aaron/iphonedev/libmad/libmad-0.15.1b/missing --run autoconf'
AUTOHEADER='${SHELL} /Users/aaron/iphonedev/libmad/libmad-0.15.1b/missing --run autoheader'
AUTOMAKE='${SHELL} /Users/aaron/iphonedev/libmad/libmad-0.15.1b/missing --run automake-1.8'
AWK='awk'
CC='/usr/local/bin/arm-apple-darwin-gcc'
CCAS='/usr/local/bin/arm-apple-darwin-gcc'
CCASFLAGS='-g -O2'
CCDEPMODE='depmode=gcc3'
CFLAGS='-Wall -g -O -fforce-mem -fforce-addr -fthread-jumps -fcse-follow-jumps -fcse-skip-blocks -fexpensive-optimizations -fregmove -fschedule-insns2 -fstrength-reduce'
CPP='/usr/local/bin/arm-apple-darwin-gcc -E'
CPPFLAGS=''
CXX='g++'
CXXCPP='/usr/local/bin/arm-apple-darwin-cpp'
CXXDEPMODE='depmode=gcc3'
CXXFLAGS='-g -O2'
CYGPATH_W='echo'
DEFS='-DHAVE_CONFIG_H'
DEPDIR='.deps'
ECHO='echo'
ECHO_C=''
ECHO_N='-n'
ECHO_T=''
EGREP='grep -E'
EXEEXT=''
F77=''
FFLAGS=''
FPM='-DFPM_DEFAULT'
INSTALL_DATA='${INSTALL} -m 644'
INSTALL_PROGRAM='${INSTALL}'
INSTALL_SCRIPT='${INSTALL}'
INSTALL_STRIP_PROGRAM='${SHELL} $(install_sh) -c -s'
LDFLAGS=''
LIBOBJS=''
LIBS=''
LIBTOOL='$(SHELL) $(top_builddir)/libtool'
LIBTOOL_DEPS='./ltmain.sh'
LN_S='ln -s'
LTLIBOBJS=''
MAKEINFO='${SHELL} /Users/aaron/iphonedev/libmad/libmad-0.15.1b/missing --run makeinfo'
OBJEXT='o'
PACKAGE='libmad'
PACKAGE_BUGREPORT='support@underbit.com'
PACKAGE_NAME='MPEG Audio Decoder'
PACKAGE_STRING='MPEG Audio Decoder 0.15.1b'
PACKAGE_TARNAME='libmad'
PACKAGE_VERSION='0.15.1b'
PATH_SEPARATOR=':'
RANLIB='/usr/local/bin/arm-apple-darwin-ranlib'
SET_MAKE=''
SHELL='/bin/sh'
STRIP='strip'
VERSION='0.15.1b'
ac_ct_AR='ar'
ac_ct_CC=''
ac_ct_CXX='g++'
ac_ct_F77=''
ac_ct_RANLIB=''
ac_ct_STRIP='strip'
am__fastdepCC_FALSE='#'
am__fastdepCC_TRUE=''
am__fastdepCXX_FALSE='#'
am__fastdepCXX_TRUE=''
am__include='include'
am__leading_dot='.'
am__quote=''
bindir='${exec_prefix}/bin'
build='i686-apple-darwin8.10.1'
build_alias=''
build_cpu='i686'
build_os='darwin8.10.1'
build_vendor='apple'
datadir='${prefix}/share'
exec_prefix='${prefix}'
host='arm-unknown-none'
host_alias='arm'
host_cpu='arm'
host_os='none'
host_vendor='unknown'
includedir='${prefix}/include'
infodir='${prefix}/info'
install_sh='/Users/aaron/iphonedev/libmad/libmad-0.15.1b/install-sh'
libdir='${exec_prefix}/lib'
libexecdir='${exec_prefix}/libexec'
localstatedir='${prefix}/var'
mandir='${prefix}/man'
mkdir_p='mkdir -p -- .'
oldincludedir='/usr/include'
prefix='/usr/local'
program_transform_name='s,x,x,'
sbindir='${exec_prefix}/sbin'
sharedstatedir='${prefix}/com'
sysconfdir='${prefix}/etc'
target_alias=''

## ----------- ##
## confdefs.h. ##
## ----------- ##

#define HAVE_ASSERT_H 1
#define HAVE_DLFCN_H 1
#define HAVE_ERRNO_H 1
#define HAVE_FCNTL 1
#define HAVE_FCNTL_H 1
#define HAVE_FORK 1
#define HAVE_INTTYPES_H 1
#define HAVE_LIMITS_H 1
#define HAVE_MEMORY_H 1
#define HAVE_PIPE 1
#define HAVE_STDINT_H 1
#define HAVE_STDLIB_H 1
#define HAVE_STRINGS_H 1
#define HAVE_STRING_H 1
#define HAVE_SYS_STAT_H 1
#define HAVE_SYS_TYPES_H 1
#define HAVE_SYS_TYPES_H 1
#define HAVE_SYS_WAIT_H 1
#define HAVE_UNISTD_H 1
#define HAVE_UNISTD_H 1
#define HAVE_WAITPID 1
#define PACKAGE "libmad"
#define PACKAGE_BUGREPORT "support@underbit.com"
#define PACKAGE_NAME "MPEG Audio Decoder"
#define PACKAGE_STRING "MPEG Audio Decoder 0.15.1b"
#define PACKAGE_TARNAME "libmad"
#define PACKAGE_VERSION "0.15.1b"
#define SIZEOF_INT 4
#define SIZEOF_LONG 4
#define SIZEOF_LONG_LONG 8
#define STDC_HEADERS 1
#define STDC_HEADERS 1
#define VERSION "0.15.1b"
#endif
#ifdef __cplusplus
extern "C" void std::exit (int); using std::exit;

configure: exit 0
