This file contains any messages produced by compilers while
running configure, to aid debugging if configure makes a mistake.

It was created by MPEG audio decoder and player configure 0.15.2b, which was
generated by GNU Autoconf 2.59.  Invocation command line was

  $ ./configure --disable-aso --host=arm --with-libiconf-prefix=/Users/aaron/iphonedev/root/usr

## --------- ##
## Platform. ##
## --------- ##

hostname = aaron-zinmans-computer.local
uname -m = i386
uname -r = 8.10.1
uname -s = Darwin
uname -v = Darwin Kernel Version 8.10.1: Wed May 23 16:33:00 PDT 2007; root:xnu-792.22.5~1/RELEASE_I386

/usr/bin/uname -p = i386
/bin/uname -X     = unknown

/bin/arch              = unknown
/usr/bin/arch -k       = unknown
/usr/convex/getsysinfo = unknown
hostinfo               = Mach kernel version:
	 Darwin Kernel Version 8.10.1: Wed May 23 16:33:00 PDT 2007; root:xnu-792.22.5~1/RELEASE_I386
Kernel configured for up to 2 processors.
2 processors are physically available.
2 processors are logically available.
Processor type: i486 (Intel 80486)
Processors active: 0 1
Primary memory available: 2.00 gigabytes
Default processor set: 89 tasks, 258 threads, 2 processors
Load average: 0.71, Mach factor: 1.28
/bin/machine           = unknown
/usr/bin/oslevel       = unknown
/bin/universe          = unknown

PATH: /opt/local/bin
PATH: /opt/local/sbin
PATH: /usr/local/bin
PATH: /Library/Frameworks/Python.framework/Versions/Current/bin
PATH: /bin
PATH: /sbin
PATH: /usr/bin
PATH: /usr/sbin


## ----------- ##
## Core tests. ##
## ----------- ##

configure:1569: checking for a BSD-compatible install
configure:1624: result: /usr/bin/install -c
configure:1635: checking whether build environment is sane
configure:1678: result: yes
configure:1735: checking for gawk
configure:1764: result: no
configure:1735: checking for mawk
configure:1764: result: no
configure:1735: checking for nawk
configure:1764: result: no
configure:1735: checking for awk
configure:1751: found /usr/bin/awk
configure:1761: result: awk
configure:1771: checking whether make sets $(MAKE)
configure:1791: result: yes
configure:1870: checking for arm-strip
configure:1899: result: no
configure:1908: checking for strip
configure:1924: found /usr/bin/strip
configure:1935: result: strip
configure:1966: checking build system type
configure:1984: result: i686-apple-darwin8.10.1
configure:1992: checking host system type
configure:2006: result: arm-unknown-none
configure:2031: checking for arm-gcc
configure:2057: result: /usr/local/bin/arm-apple-darwin-gcc
configure:2339: checking for C compiler version
configure:2342: /usr/local/bin/arm-apple-darwin-gcc --version </dev/null >&5
arm-apple-darwin-gcc (GCC) 4.0.1 (Apple Computer, Inc. build 5449)(LLVM build 2.0-svn-iphone-dev-0.3-svn)
Copyright (C) 2005 Free Software Foundation, Inc.
This is free software; see the source for copying conditions.  There is NO
warranty; not even for MERCHANTABILITY or FITNESS FOR A PARTICULAR PURPOSE.

configure:2345: $? = 0
configure:2347: /usr/local/bin/arm-apple-darwin-gcc -v </dev/null >&5
Using built-in specs.
Target: arm-apple-darwin
Configured with: ../llvm-gcc-4.0-iphone/configure --enable-llvm=/Users/aaron/iphonedev/llvm-svn --enable-languages=c,c++,objc,obj-c++ --target=arm-apple-darwin --enable-sjlj-exceptions --with-heavenly=/Users/aaron/iphonedev/root --with-as=/usr/local/bin/arm-apple-darwin-as --with-ld=/usr/local/bin/arm-apple-darwin-ld : (reconfigured) ../llvm-gcc-4.0-iphone/configure --enable-llvm=/Users/aaron/iphonedev/llvm-svn --enable-languages=c,c++,objc,obj-c++ --target=arm-apple-darwin --enable-sjlj-exceptions --with-heavenly=/Users/aaron/iphonedev/root --with-as=/usr/local/bin/arm-apple-darwin-as --with-ld=/usr/local/bin/arm-apple-darwin-ld --with-ar=/usr/local/bin/arm-apple-darwin-ar : (reconfigured) ../llvm-gcc-4.0-iphone/configure --enable-llvm=/Users/aaron/iphonedev/llvm-svn --enable-languages=c,c++,objc,obj-c++ --target=arm-apple-darwin --enable-sjlj-exceptions --with-heavenly=/Users/aaron/iphonedev/root --with-as=/usr/local/bin/arm-apple-darwin-as --with-ld=/usr/local/bin/arm-apple-darwin-ld --with-ar=/usr/local/bin/arm-apple-darwin-ar
Thread model: posix
gcc version 4.0.1 (Apple Computer, Inc. build 5449)(LLVM build 2.0-svn-iphone-dev-0.3-svn)
configure:2350: $? = 0
configure:2352: /usr/local/bin/arm-apple-darwin-gcc -V </dev/null >&5
arm-apple-darwin-gcc: '-V' option must have argument
configure:2355: $? = 1
configure:2378: checking for C compiler default output file name
configure:2381: /usr/local/bin/arm-apple-darwin-gcc  -I./ -L. conftest.c  >&5
configure:2384: $? = 0
configure:2430: result: a.out
configure:2435: checking whether the C compiler works
configure:2441: ./a.out
./configure: line 1: ./a.out: Bad CPU type in executable
configure:2444: $? = 126
configure:2461: result: yes
configure:2468: checking whether we are cross compiling
configure:2470: result: yes
configure:2473: checking for suffix of executables
configure:2475: /usr/local/bin/arm-apple-darwin-gcc -o conftest  -I./ -L. conftest.c  >&5
configure:2478: $? = 0
configure:2503: result: 
configure:2509: checking for suffix of object files
configure:2530: /usr/local/bin/arm-apple-darwin-gcc -c  -I./ conftest.c >&5
configure:2533: $? = 0
configure:2555: result: o
configure:2559: checking whether we are using the GNU C compiler
configure:2583: /usr/local/bin/arm-apple-darwin-gcc -c  -I./ conftest.c >&5
configure:2589: $? = 0
configure:2593: test -z 
			 || test ! -s conftest.err
configure:2596: $? = 0
configure:2599: test -s conftest.o
configure:2602: $? = 0
configure:2615: result: yes
configure:2621: checking whether /usr/local/bin/arm-apple-darwin-gcc accepts -g
configure:2642: /usr/local/bin/arm-apple-darwin-gcc -c -g -I./ conftest.c >&5
configure:2648: $? = 0
configure:2652: test -z 
			 || test ! -s conftest.err
configure:2655: $? = 0
configure:2658: test -s conftest.o
configure:2661: $? = 0
configure:2672: result: yes
configure:2689: checking for /usr/local/bin/arm-apple-darwin-gcc option to accept ANSI C
configure:2759: /usr/local/bin/arm-apple-darwin-gcc  -c -g -O2 -I./ conftest.c >&5
configure:2765: $? = 0
configure:2769: test -z 
			 || test ! -s conftest.err
configure:2772: $? = 0
configure:2775: test -s conftest.o
configure:2778: $? = 0
configure:2796: result: none needed
configure:2814: /usr/local/bin/arm-apple-darwin-gcc -c -g -O2 -I./ conftest.c >&5
conftest.c:2: error: parse error before 'me'
configure:2820: $? = 1
configure: failed program was:
| #ifndef __cplusplus
|   choke me
| #endif
configure:2964: checking for style of include used by make
configure:2992: result: GNU
configure:3020: checking dependency style of /usr/local/bin/arm-apple-darwin-gcc
configure:3103: result: gcc3
configure:3208: checking for a sed that does not truncate output
configure:3262: result: /usr/bin/sed
configure:3265: checking for egrep
configure:3275: result: grep -E
configure:3291: checking for ld used by /usr/local/bin/arm-apple-darwin-gcc
configure:3358: result: /usr/local/bin/arm-apple-darwin-ld
configure:3367: checking if the linker (/usr/local/bin/arm-apple-darwin-ld) is GNU ld
configure:3382: result: no
configure:3387: checking for /usr/local/bin/arm-apple-darwin-ld option to reload object files
configure:3394: result: -r
configure:3403: checking for BSD-compatible nm
configure:3445: result: nm
configure:3449: checking whether ln -s works
configure:3453: result: yes
configure:3460: checking how to recognise dependent libraries
configure:3634: result: unknown
configure:3848: checking how to run the C preprocessor
configure:3883: /usr/local/bin/arm-apple-darwin-gcc -E -I./ conftest.c
configure:3889: $? = 0
configure:3921: /usr/local/bin/arm-apple-darwin-gcc -E -I./ conftest.c
conftest.c:11:28: error: ac_nonexistent.h: No such file or directory
configure:3927: $? = 1
configure: failed program was:
| /* confdefs.h.  */
| 
| #define PACKAGE_NAME "MPEG audio decoder and player"
| #define PACKAGE_TARNAME "madplay"
| #define PACKAGE_VERSION "0.15.2b"
| #define PACKAGE_STRING "MPEG audio decoder and player 0.15.2b"
| #define PACKAGE_BUGREPORT "rob@mars.org"
| #define PACKAGE "madplay"
| #define VERSION "0.15.2b"
| /* end confdefs.h.  */
| #include <ac_nonexistent.h>
configure:3966: result: /usr/local/bin/arm-apple-darwin-gcc -E
configure:3990: /usr/local/bin/arm-apple-darwin-gcc -E -I./ conftest.c
configure:3996: $? = 0
configure:4028: /usr/local/bin/arm-apple-darwin-gcc -E -I./ conftest.c
conftest.c:11:28: error: ac_nonexistent.h: No such file or directory
configure:4034: $? = 1
configure: failed program was:
| /* confdefs.h.  */
| 
| #define PACKAGE_NAME "MPEG audio decoder and player"
| #define PACKAGE_TARNAME "madplay"
| #define PACKAGE_VERSION "0.15.2b"
| #define PACKAGE_STRING "MPEG audio decoder and player 0.15.2b"
| #define PACKAGE_BUGREPORT "rob@mars.org"
| #define PACKAGE "madplay"
| #define VERSION "0.15.2b"
| /* end confdefs.h.  */
| #include <ac_nonexistent.h>
configure:4078: checking for ANSI C header files
configure:4103: /usr/local/bin/arm-apple-darwin-gcc -c -g -O2 -I./ conftest.c >&5
configure:4109: $? = 0
configure:4113: test -z 
			 || test ! -s conftest.err
configure:4116: $? = 0
configure:4119: test -s conftest.o
configure:4122: $? = 0
configure:4231: result: yes
configure:4255: checking for sys/types.h
configure:4271: /usr/local/bin/arm-apple-darwin-gcc -c -g -O2 -I./ conftest.c >&5
configure:4277: $? = 0
configure:4281: test -z 
			 || test ! -s conftest.err
configure:4284: $? = 0
configure:4287: test -s conftest.o
configure:4290: $? = 0
configure:4301: result: yes
configure:4255: checking for sys/stat.h
configure:4271: /usr/local/bin/arm-apple-darwin-gcc -c -g -O2 -I./ conftest.c >&5
configure:4277: $? = 0
configure:4281: test -z 
			 || test ! -s conftest.err
configure:4284: $? = 0
configure:4287: test -s conftest.o
configure:4290: $? = 0
configure:4301: result: yes
configure:4255: checking for stdlib.h
configure:4271: /usr/local/bin/arm-apple-darwin-gcc -c -g -O2 -I./ conftest.c >&5
configure:4277: $? = 0
configure:4281: test -z 
			 || test ! -s conftest.err
configure:4284: $? = 0
configure:4287: test -s conftest.o
configure:4290: $? = 0
configure:4301: result: yes
configure:4255: checking for string.h
configure:4271: /usr/local/bin/arm-apple-darwin-gcc -c -g -O2 -I./ conftest.c >&5
configure:4277: $? = 0
configure:4281: test -z 
			 || test ! -s conftest.err
configure:4284: $? = 0
configure:4287: test -s conftest.o
configure:4290: $? = 0
configure:4301: result: yes
configure:4255: checking for memory.h
configure:4271: /usr/local/bin/arm-apple-darwin-gcc -c -g -O2 -I./ conftest.c >&5
configure:4277: $? = 0
configure:4281: test -z 
			 || test ! -s conftest.err
configure:4284: $? = 0
configure:4287: test -s conftest.o
configure:4290: $? = 0
configure:4301: result: yes
configure:4255: checking for strings.h
configure:4271: /usr/local/bin/arm-apple-darwin-gcc -c -g -O2 -I./ conftest.c >&5
configure:4277: $? = 0
configure:4281: test -z 
			 || test ! -s conftest.err
configure:4284: $? = 0
configure:4287: test -s conftest.o
configure:4290: $? = 0
configure:4301: result: yes
configure:4255: checking for inttypes.h
configure:4271: /usr/local/bin/arm-apple-darwin-gcc -c -g -O2 -I./ conftest.c >&5
configure:4277: $? = 0
configure:4281: test -z 
			 || test ! -s conftest.err
configure:4284: $? = 0
configure:4287: test -s conftest.o
configure:4290: $? = 0
configure:4301: result: yes
configure:4255: checking for stdint.h
configure:4271: /usr/local/bin/arm-apple-darwin-gcc -c -g -O2 -I./ conftest.c >&5
configure:4277: $? = 0
configure:4281: test -z 
			 || test ! -s conftest.err
configure:4284: $? = 0
configure:4287: test -s conftest.o
configure:4290: $? = 0
configure:4301: result: yes
configure:4255: checking for unistd.h
configure:4271: /usr/local/bin/arm-apple-darwin-gcc -c -g -O2 -I./ conftest.c >&5
configure:4277: $? = 0
configure:4281: test -z 
			 || test ! -s conftest.err
configure:4284: $? = 0
configure:4287: test -s conftest.o
configure:4290: $? = 0
configure:4301: result: yes
configure:4327: checking dlfcn.h usability
configure:4339: /usr/local/bin/arm-apple-darwin-gcc -c -g -O2 -I./ conftest.c >&5
configure:4345: $? = 0
configure:4349: test -z 
			 || test ! -s conftest.err
configure:4352: $? = 0
configure:4355: test -s conftest.o
configure:4358: $? = 0
configure:4368: result: yes
configure:4372: checking dlfcn.h presence
configure:4382: /usr/local/bin/arm-apple-darwin-gcc -E -I./ conftest.c
configure:4388: $? = 0
configure:4408: result: yes
configure:4443: checking for dlfcn.h
configure:4450: result: yes
configure:4473: checking for arm-g++
configure:4502: result: no
configure:4473: checking for arm-c++
configure:4502: result: no
configure:4473: checking for arm-gpp
configure:4502: result: no
configure:4473: checking for arm-aCC
configure:4502: result: no
configure:4473: checking for arm-CC
configure:4502: result: no
configure:4473: checking for arm-cxx
configure:4502: result: no
configure:4473: checking for arm-cc++
configure:4502: result: no
configure:4473: checking for arm-cl
configure:4502: result: no
configure:4473: checking for arm-FCC
configure:4502: result: no
configure:4473: checking for arm-KCC
configure:4502: result: no
configure:4473: checking for arm-RCC
configure:4502: result: no
configure:4473: checking for arm-xlC_r
configure:4502: result: no
configure:4473: checking for arm-xlC
configure:4502: result: no
configure:4515: checking for g++
configure:4531: found /usr/bin/g++
configure:4541: result: g++
configure:4557: checking for C++ compiler version
configure:4560: g++ --version </dev/null >&5
i686-apple-darwin8-g++-4.0.1 (GCC) 4.0.1 (Apple Computer, Inc. build 5367)
Copyright (C) 2005 Free Software Foundation, Inc.
This is free software; see the source for copying conditions.  There is NO
warranty; not even for MERCHANTABILITY or FITNESS FOR A PARTICULAR PURPOSE.

configure:4563: $? = 0
configure:4565: g++ -v </dev/null >&5
Using built-in specs.
Target: i686-apple-darwin8
Configured with: /private/var/tmp/gcc/gcc-5367.obj~1/src/configure --disable-checking -enable-werror --prefix=/usr --mandir=/share/man --enable-languages=c,objc,c++,obj-c++ --program-transform-name=/^[cg][^.-]*$/s/$/-4.0/ --with-gxx-include-dir=/include/c++/4.0.0 --with-slibdir=/usr/lib --build=powerpc-apple-darwin8 --with-arch=nocona --with-tune=generic --program-prefix= --host=i686-apple-darwin8 --target=i686-apple-darwin8
Thread model: posix
gcc version 4.0.1 (Apple Computer, Inc. build 5367)
configure:4568: $? = 0
configure:4570: g++ -V </dev/null >&5
g++: argument to `-V' is missing
configure:4573: $? = 1
configure:4576: checking whether we are using the GNU C++ compiler
configure:4600: g++ -c  -I./ conftest.cc >&5
configure:4606: $? = 0
configure:4610: test -z 
			 || test ! -s conftest.err
configure:4613: $? = 0
configure:4616: test -s conftest.o
configure:4619: $? = 0
configure:4632: result: yes
configure:4638: checking whether g++ accepts -g
configure:4659: g++ -c -g -I./ conftest.cc >&5
configure:4665: $? = 0
configure:4669: test -z 
			 || test ! -s conftest.err
configure:4672: $? = 0
configure:4675: test -s conftest.o
configure:4678: $? = 0
configure:4689: result: yes
configure:4731: g++ -c -g -O2 -I./ conftest.cc >&5
configure:4737: $? = 0
configure:4741: test -z 
			 || test ! -s conftest.err
configure:4744: $? = 0
configure:4747: test -s conftest.o
configure:4750: $? = 0
configure:4776: g++ -c -g -O2 -I./ conftest.cc >&5
conftest.cc: In function 'int main()':
conftest.cc:26: error: 'exit' was not declared in this scope
configure:4782: $? = 1
configure: failed program was:
| /* confdefs.h.  */
| 
| #define PACKAGE_NAME "MPEG audio decoder and player"
| #define PACKAGE_TARNAME "madplay"
| #define PACKAGE_VERSION "0.15.2b"
| #define PACKAGE_STRING "MPEG audio decoder and player 0.15.2b"
| #define PACKAGE_BUGREPORT "rob@mars.org"
| #define PACKAGE "madplay"
| #define VERSION "0.15.2b"
| #define STDC_HEADERS 1
| #define HAVE_SYS_TYPES_H 1
| #define HAVE_SYS_STAT_H 1
| #define HAVE_STDLIB_H 1
| #define HAVE_STRING_H 1
| #define HAVE_MEMORY_H 1
| #define HAVE_STRINGS_H 1
| #define HAVE_INTTYPES_H 1
| #define HAVE_STDINT_H 1
| #define HAVE_UNISTD_H 1
| #define HAVE_DLFCN_H 1
| /* end confdefs.h.  */
| 
| int
| main ()
| {
| exit (42);
|   ;
|   return 0;
| }
configure:4731: g++ -c -g -O2 -I./ conftest.cc >&5
/usr/include/stdlib.h:158: error: declaration of 'void std::exit(int)' throws different exceptions
conftest.cc:22: error: than previous declaration 'void std::exit(int) throw ()'
configure:4737: $? = 1
configure: failed program was:
| /* confdefs.h.  */
| 
| #define PACKAGE_NAME "MPEG audio decoder and player"
| #define PACKAGE_TARNAME "madplay"
| #define PACKAGE_VERSION "0.15.2b"
| #define PACKAGE_STRING "MPEG audio decoder and player 0.15.2b"
| #define PACKAGE_BUGREPORT "rob@mars.org"
| #define PACKAGE "madplay"
| #define VERSION "0.15.2b"
| #define STDC_HEADERS 1
| #define HAVE_SYS_TYPES_H 1
| #define HAVE_SYS_STAT_H 1
| #define HAVE_STDLIB_H 1
| #define HAVE_STRING_H 1
| #define HAVE_MEMORY_H 1
| #define HAVE_STRINGS_H 1
| #define HAVE_INTTYPES_H 1
| #define HAVE_STDINT_H 1
| #define HAVE_UNISTD_H 1
| #define HAVE_DLFCN_H 1
| /* end confdefs.h.  */
| extern "C" void std::exit (int) throw (); using std::exit;
| #include <stdlib.h>
| int
| main ()
| {
| exit (42);
|   ;
|   return 0;
| }
configure:4731: g++ -c -g -O2 -I./ conftest.cc >&5
configure:4737: $? = 0
configure:4741: test -z 
			 || test ! -s conftest.err
configure:4744: $? = 0
configure:4747: test -s conftest.o
configure:4750: $? = 0
configure:4776: g++ -c -g -O2 -I./ conftest.cc >&5
configure:4782: $? = 0
configure:4786: test -z 
			 || test ! -s conftest.err
configure:4789: $? = 0
configure:4792: test -s conftest.o
configure:4795: $? = 0
configure:4820: checking dependency style of g++
configure:4903: result: gcc3
configure:4925: checking how to run the C++ preprocessor
configure:5039: result: /usr/local/bin/arm-apple-darwin-cpp
configure:5063: /usr/local/bin/arm-apple-darwin-cpp -I./ conftest.cc
configure:5069: $? = 0
configure:5101: /usr/local/bin/arm-apple-darwin-cpp -I./ conftest.cc
conftest.cc:25:28: error: ac_nonexistent.h: No such file or directory
configure:5107: $? = 1
configure: failed program was:
| /* confdefs.h.  */
| 
| #define PACKAGE_NAME "MPEG audio decoder and player"
| #define PACKAGE_TARNAME "madplay"
| #define PACKAGE_VERSION "0.15.2b"
| #define PACKAGE_STRING "MPEG audio decoder and player 0.15.2b"
| #define PACKAGE_BUGREPORT "rob@mars.org"
| #define PACKAGE "madplay"
| #define VERSION "0.15.2b"
| #define STDC_HEADERS 1
| #define HAVE_SYS_TYPES_H 1
| #define HAVE_SYS_STAT_H 1
| #define HAVE_STDLIB_H 1
| #define HAVE_STRING_H 1
| #define HAVE_MEMORY_H 1
| #define HAVE_STRINGS_H 1
| #define HAVE_INTTYPES_H 1
| #define HAVE_STDINT_H 1
| #define HAVE_UNISTD_H 1
| #define HAVE_DLFCN_H 1
| #ifdef __cplusplus
| extern "C" void std::exit (int); using std::exit;
| #endif
| /* end confdefs.h.  */
| #include <ac_nonexistent.h>
configure:5160: checking for arm-g77
configure:5189: result: no
configure:5160: checking for arm-f77
configure:5189: result: no
configure:5160: checking for arm-xlf
configure:5189: result: no
configure:5160: checking for arm-frt
configure:5189: result: no
configure:5160: checking for arm-pgf77
configure:5189: result: no
configure:5160: checking for arm-fort77
configure:5189: result: no
configure:5160: checking for arm-fl32
configure:5189: result: no
configure:5160: checking for arm-af77
configure:5189: result: no
configure:5160: checking for arm-f90
configure:5189: result: no
configure:5160: checking for arm-xlf90
configure:5189: result: no
configure:5160: checking for arm-pgf90
configure:5189: result: no
configure:5160: checking for arm-epcf90
configure:5189: result: no
configure:5160: checking for arm-f95
configure:5189: result: no
configure:5160: checking for arm-fort
configure:5189: result: no
configure:5160: checking for arm-xlf95
configure:5189: result: no
configure:5160: checking for arm-ifc
configure:5189: result: no
configure:5160: checking for arm-efc
configure:5189: result: no
configure:5160: checking for arm-pgf95
configure:5189: result: no
configure:5160: checking for arm-lf95
configure:5189: result: no
configure:5160: checking for arm-gfortran
configure:5189: result: no
configure:5202: checking for g77
configure:5231: result: no
configure:5202: checking for f77
configure:5231: result: no
configure:5202: checking for xlf
configure:5231: result: no
configure:5202: checking for frt
configure:5231: result: no
configure:5202: checking for pgf77
configure:5231: result: no
configure:5202: checking for fort77
configure:5231: result: no
configure:5202: checking for fl32
configure:5231: result: no
configure:5202: checking for af77
configure:5231: result: no
configure:5202: checking for f90
configure:5231: result: no
configure:5202: checking for xlf90
configure:5231: result: no
configure:5202: checking for pgf90
configure:5231: result: no
configure:5202: checking for epcf90
configure:5231: result: no
configure:5202: checking for f95
configure:5231: result: no
configure:5202: checking for fort
configure:5231: result: no
configure:5202: checking for xlf95
configure:5231: result: no
configure:5202: checking for ifc
configure:5231: result: no
configure:5202: checking for efc
configure:5231: result: no
configure:5202: checking for pgf95
configure:5231: result: no
configure:5202: checking for lf95
configure:5231: result: no
configure:5202: checking for gfortran
configure:5231: result: no
configure:5246: checking for Fortran 77 compiler version
configure:5246:  --version </dev/null >&5
./configure: line 1: --version: command not found
configure:5249: $? = 127
configure:5251:  -v </dev/null >&5
./configure: line 1: -v: command not found
configure:5254: $? = 127
configure:5256:  -V </dev/null >&5
./configure: line 1: -V: command not found
configure:5259: $? = 127
configure:5267: checking whether we are using the GNU Fortran 77 compiler
configure:5281:  -c  conftest.F >&5
./configure: line 1: -c: command not found
configure:5287: $? = 127
configure: failed program was:
|       program main
| #ifndef __GNUC__
|        choke me
| #endif
| 
|       end
configure:5313: result: no
configure:5319: checking whether  accepts -g
configure:5331:  -c -g conftest.f >&5
./configure: line 1: -c: command not found
configure:5337: $? = 127
configure: failed program was:
|       program main
| 
|       end
configure:5362: result: no
configure:5392: checking the maximum length of command line arguments

## ---------------- ##
## Cache variables. ##
## ---------------- ##

ac_cv_build=i686-apple-darwin8.10.1
ac_cv_build_alias=i686-apple-darwin8.10.1
ac_cv_c_compiler_gnu=yes
ac_cv_cxx_compiler_gnu=yes
ac_cv_env_CC_set=set
ac_cv_env_CC_value=/usr/local/bin/arm-apple-darwin-gcc
ac_cv_env_CFLAGS_set=
ac_cv_env_CFLAGS_value=
ac_cv_env_CPPFLAGS_set=set
ac_cv_env_CPPFLAGS_value=-I./
ac_cv_env_CPP_set=
ac_cv_env_CPP_value=
ac_cv_env_CXXCPP_set=set
ac_cv_env_CXXCPP_value=/usr/local/bin/arm-apple-darwin-cpp
ac_cv_env_CXXFLAGS_set=
ac_cv_env_CXXFLAGS_value=
ac_cv_env_CXX_set=
ac_cv_env_CXX_value=
ac_cv_env_F77_set=
ac_cv_env_F77_value=
ac_cv_env_FFLAGS_set=
ac_cv_env_FFLAGS_value=
ac_cv_env_LDFLAGS_set=set
ac_cv_env_LDFLAGS_value=-L.
ac_cv_env_build_alias_set=
ac_cv_env_build_alias_value=
ac_cv_env_host_alias_set=set
ac_cv_env_host_alias_value=arm
ac_cv_env_target_alias_set=
ac_cv_env_target_alias_value=
ac_cv_exeext=
ac_cv_f77_compiler_gnu=no
ac_cv_header_dlfcn_h=yes
ac_cv_header_inttypes_h=yes
ac_cv_header_memory_h=yes
ac_cv_header_stdc=yes
ac_cv_header_stdint_h=yes
ac_cv_header_stdlib_h=yes
ac_cv_header_string_h=yes
ac_cv_header_strings_h=yes
ac_cv_header_sys_stat_h=yes
ac_cv_header_sys_types_h=yes
ac_cv_header_unistd_h=yes
ac_cv_host=arm-unknown-none
ac_cv_host_alias=arm
ac_cv_objext=o
ac_cv_path_install='/usr/bin/install -c'
ac_cv_prog_AWK=awk
ac_cv_prog_CC=/usr/local/bin/arm-apple-darwin-gcc
ac_cv_prog_CPP='/usr/local/bin/arm-apple-darwin-gcc -E'
ac_cv_prog_CXXCPP=/usr/local/bin/arm-apple-darwin-cpp
ac_cv_prog_ac_ct_CXX=g++
ac_cv_prog_ac_ct_STRIP=strip
ac_cv_prog_cc_g=yes
ac_cv_prog_cc_stdc=
ac_cv_prog_cxx_g=yes
ac_cv_prog_egrep='grep -E'
ac_cv_prog_f77_g=no
ac_cv_prog_make_make_set=yes
am_cv_CC_dependencies_compiler_type=gcc3
am_cv_CXX_dependencies_compiler_type=gcc3
lt_cv_deplibs_check_method=unknown
lt_cv_file_magic_cmd='$MAGIC_CMD'
lt_cv_file_magic_test_file=
lt_cv_ld_reload_flag=-r
lt_cv_path_LD=/usr/local/bin/arm-apple-darwin-ld
lt_cv_path_NM=nm
lt_cv_path_SED=/usr/bin/sed
lt_cv_prog_gnu_ld=no

## ----------------- ##
## Output variables. ##
## ----------------- ##

ACLOCAL='${SHELL} /Users/aaron/iphonedev/madplay/madplay-0.15.2b/missing --run aclocal-1.8'
ALLOCA=''
AMDEPBACKSLASH='\'
AMDEP_FALSE='#'
AMDEP_TRUE=''
AMTAR='${SHELL} /Users/aaron/iphonedev/madplay/madplay-0.15.2b/missing --run tar'
AR=''
AUTOCONF='${SHELL} /Users/aaron/iphonedev/madplay/madplay-0.15.2b/missing --run autoconf'
AUTOHEADER='${SHELL} /Users/aaron/iphonedev/madplay/madplay-0.15.2b/missing --run autoheader'
AUTOMAKE='${SHELL} /Users/aaron/iphonedev/madplay/madplay-0.15.2b/missing --run automake-1.8'
AWK='awk'
BUILD_INCLUDED_LIBINTL=''
CATOBJEXT=''
CC='/usr/local/bin/arm-apple-darwin-gcc'
CCDEPMODE='depmode=gcc3'
CFLAGS='-g -O2'
CPP='/usr/local/bin/arm-apple-darwin-gcc -E'
CPPFLAGS='-I./'
CXX='g++'
CXXCPP='/usr/local/bin/arm-apple-darwin-cpp'
CXXDEPMODE='depmode=gcc3'
CXXFLAGS='-g -O2'
CYGPATH_W='echo'
DATADIRNAME=''
DEFS=''
DEPDIR='.deps'
ECHO='echo'
ECHO_C=''
ECHO_N='-n'
ECHO_T=''
EGREP='grep -E'
EXEEXT=''
F77=''
FFLAGS=''
GENCAT=''
GLIBC21=''
GMSGFMT=''
HAVE_ASPRINTF=''
HAVE_POSIX_PRINTF=''
HAVE_SNPRINTF=''
HAVE_WPRINTF=''
INSTALL_DATA='${INSTALL} -m 644'
INSTALL_PROGRAM='${INSTALL}'
INSTALL_SCRIPT='${INSTALL}'
INSTALL_STRIP_PROGRAM='${SHELL} $(install_sh) -c -s'
INSTOBJEXT=''
INTLBISON=''
INTLLIBS=''
INTLOBJS=''
INTL_LIBTOOL_SUFFIX_PREFIX=''
LDFLAGS='-L.'
LIBICONV=''
LIBINTL=''
LIBOBJS=''
LIBS=''
LIBTOOL=''
LIBTOOL_DEPS=''
LN_S='ln -s'
LTLIBICONV=''
LTLIBINTL=''
LTLIBOBJS=''
MAKEINFO='${SHELL} /Users/aaron/iphonedev/madplay/madplay-0.15.2b/missing --run makeinfo'
MKINSTALLDIRS=''
MSGFMT=''
MSGMERGE=''
OBJEXT='o'
PACKAGE='madplay'
PACKAGE_BUGREPORT='rob@mars.org'
PACKAGE_NAME='MPEG audio decoder and player'
PACKAGE_STRING='MPEG audio decoder and player 0.15.2b'
PACKAGE_TARNAME='madplay'
PACKAGE_VERSION='0.15.2b'
PATH_SEPARATOR=':'
POSUB=''
RANLIB='/usr/local/bin/arm-apple-darwin-ranlib'
SET_MAKE=''
SHELL='/bin/sh'
STRIP='strip'
USE_INCLUDED_LIBINTL=''
USE_NLS=''
VERSION='0.15.2b'
XGETTEXT=''
ac_ct_AR=''
ac_ct_CC=''
ac_ct_CXX='g++'
ac_ct_F77=''
ac_ct_RANLIB=''
ac_ct_STRIP='strip'
am__fastdepCC_FALSE='#'
am__fastdepCC_TRUE=''
am__fastdepCXX_FALSE='#'
am__fastdepCXX_TRUE=''
am__include='include'
am__leading_dot='.'
am__quote=''
bindir='${exec_prefix}/bin'
build='i686-apple-darwin8.10.1'
build_alias=''
build_cpu='i686'
build_os='darwin8.10.1'
build_vendor='apple'
datadir='${prefix}/share'
depend_audio=''
exec_prefix='NONE'
host='arm-unknown-none'
host_alias='arm'
host_cpu='arm'
host_os='none'
host_vendor='unknown'
includedir='${prefix}/include'
infodir='${prefix}/info'
install_sh='/Users/aaron/iphonedev/madplay/madplay-0.15.2b/install-sh'
ldadd_audio=''
libdir='${exec_prefix}/lib'
libexecdir='${exec_prefix}/libexec'
localstatedir='${prefix}/var'
mandir='${prefix}/man'
mkdir_p='mkdir -p -- .'
oldincludedir='/usr/include'
prefix='NONE'
program_transform_name='s,x,x,'
sbindir='${exec_prefix}/sbin'
sharedstatedir='${prefix}/com'
sysconfdir='${prefix}/etc'
target_alias=''

## ----------- ##
## confdefs.h. ##
## ----------- ##

#define HAVE_DLFCN_H 1
#define HAVE_INTTYPES_H 1
#define HAVE_MEMORY_H 1
#define HAVE_STDINT_H 1
#define HAVE_STDLIB_H 1
#define HAVE_STRINGS_H 1
#define HAVE_STRING_H 1
#define HAVE_SYS_STAT_H 1
#define HAVE_SYS_TYPES_H 1
#define HAVE_UNISTD_H 1
#define PACKAGE "madplay"
#define PACKAGE_BUGREPORT "rob@mars.org"
#define PACKAGE_NAME "MPEG audio decoder and player"
#define PACKAGE_STRING "MPEG audio decoder and player 0.15.2b"
#define PACKAGE_TARNAME "madplay"
#define PACKAGE_VERSION "0.15.2b"
#define STDC_HEADERS 1
#define VERSION "0.15.2b"
#endif
#ifdef __cplusplus
extern "C" void std::exit (int); using std::exit;

configure: caught signal 2
configure: exit 1
